2014-02-09 12:11:09,073 [11] DEBUG  
Main's done'...

2014-02-09 12:11:09,078 [11] DEBUG  
********************************************************************************

2014-02-09 12:43:46,199 [10] INFO   
********************************************************************************

2014-02-09 12:43:46,222 [10] INFO   
Main's runnin'...

2014-02-09 12:43:46,228 [10] DEBUG  
write something here: I did something...
2014-02-09 12:43:46,230 [10] ERROR  Unable to process MyFakeService.DoSomething
surveyId: 1
token: 123
Error Message!
2014-02-09 12:43:46,232 [10] DEBUG  
write something here: I did something else...
2014-02-09 12:43:46,232 [10] ERROR  Unable to process MyOtherService.DoSomethingElse
surveyId: 1
token: 456
Other Message!
2014-02-09 12:43:46,233 [10] INFO   
Main's done'...

2014-02-09 12:43:46,233 [10] INFO   
********************************************************************************

2014-02-09 14:58:50,524 [9] INFO   
********************************************************************************

2014-02-09 14:58:50,673 [9] INFO   
Main's runnin'...

2014-02-09 14:58:50,681 [9] DEBUG  
write something here: I did something...
2014-02-09 14:58:50,686 [9] ERROR  Unable to process MyFakeService.DoSomething
surveyId: 1
token: 123
Error Message!
2014-02-09 14:58:50,713 [9] DEBUG  
write something here: I did something else...
2014-02-09 14:58:50,714 [9] ERROR  Unable to process MyOtherService.DoSomethingElse
surveyId: 1
token: 456
Other Message!
2014-02-09 14:58:50,715 [9] INFO   
Main's done'...

2014-02-09 14:58:50,716 [9] INFO   
********************************************************************************

