2017-03-19 13:20:21,233 [9] INFO   
********************************************************************************
2017-03-19 13:20:27,530 [9] INFO   DIContainer initialized
2017-03-19 13:20:40,130 [9] INFO   LoadAllSymbolsFromAllExchanges - GetSymbols
2017-03-19 13:20:49,756 [9] INFO   Start - LoadAllSymbolsFromAllExchanges
2017-03-19 13:22:12,818 [9] INFO   End - LoadAllSymbolsFromAllExchanges
2017-03-19 13:22:12,821 [9] INFO   
********************************************************************************

2017-03-19 13:22:36,425 [9] INFO   RunHistoryCollection - GetSymbols
2017-03-19 13:22:48,441 [9] INFO   Start - RunHistoryCollection
2017-03-19 13:22:48,444 [9] INFO   Get AAPL history page
2017-03-19 13:22:49,124 [9] INFO   Page captured
2017-03-19 13:24:02,286 [9] INFO   End - RunQuoteHistoryCollection
2017-03-19 13:24:02,980 [9] INFO   
********************************************************************************

2017-03-19 13:24:22,846 [9] INFO   RunOptionsCollection - GetSymbols
2017-03-19 13:24:28,678 [9] INFO   Start - RunOptionsCollection
2017-03-19 13:24:34,787 [9] INFO   Get AAPL page
2017-03-19 13:24:37,507 [9] INFO   Page captured
2017-03-19 13:24:38,647 [9] INFO   Deserialize AAPL
2017-03-19 13:25:42,210 [9] INFO   AAPL deserialized
2017-03-19 13:25:48,236 [9] INFO   Get AAPL page for expiration date 1490313600
2017-03-19 13:25:49,911 [9] INFO   Page captured
2017-03-19 13:25:54,977 [9] INFO   Deserialize AAPL
2017-03-19 13:27:51,654 [9] INFO   End - RunOptionsCollection
2017-03-19 13:27:52,188 [9] INFO   
********************************************************************************

2017-03-19 13:27:57,514 [9] INFO   Start timer...
2017-03-19 13:28:09,534 [9] INFO   RunHistoryCollection - GetSymbols
2017-03-19 13:28:17,257 [9] INFO   Start - RunHistoryCollection
2017-03-19 13:28:17,259 [9] INFO   Get AAPL history page
2017-03-19 13:28:17,868 [9] INFO   Page captured
2017-03-19 13:33:11,258 [8] INFO   
********************************************************************************
2017-03-19 13:33:20,465 [8] INFO   DIContainer initialized
2017-03-19 13:33:28,161 [8] INFO   LoadAllSymbolsFromAllExchanges - GetSymbols
2017-03-19 13:33:33,066 [8] INFO   Start - LoadAllSymbolsFromAllExchanges
2017-03-19 13:34:50,817 [8] INFO   End - LoadAllSymbolsFromAllExchanges
2017-03-19 13:34:50,818 [8] INFO   
********************************************************************************

2017-03-19 13:44:23,993 [8] INFO   
********************************************************************************
2017-03-19 13:44:27,187 [8] INFO   DIContainer initialized
2017-03-19 13:44:36,906 [8] INFO   LoadAllSymbolsFromAllExchanges - GetSymbols
2017-03-19 13:44:42,234 [8] INFO   Start - LoadAllSymbolsFromAllExchanges
2017-03-19 13:46:01,489 [8] INFO   End - LoadAllSymbolsFromAllExchanges
2017-03-19 13:46:01,491 [8] INFO   
********************************************************************************

2017-03-19 14:01:25,070 [8] INFO   RunHistoryCollection - GetSymbols
2017-03-19 14:01:31,554 [8] INFO   Start - RunHistoryCollection
2017-03-19 14:01:31,556 [8] INFO   Get AAPL history page
2017-03-19 14:01:32,166 [8] INFO   Page captured
2017-03-19 14:02:15,343 [8] INFO   End - RunQuoteHistoryCollection
2017-03-19 14:02:15,922 [8] INFO   
********************************************************************************

2017-03-19 14:02:29,911 [8] INFO   RunOptionsCollection - GetSymbols
2017-03-19 14:02:34,564 [8] INFO   Start - RunOptionsCollection
2017-03-19 14:02:38,889 [8] INFO   Get AAPL page
2017-03-19 14:02:42,937 [8] INFO   Page captured
2017-03-19 14:02:42,938 [8] INFO   Deserialize AAPL
2017-03-19 14:02:54,890 [8] INFO   AAPL deserialized
2017-03-19 14:02:54,895 [8] INFO   Get AAPL page for expiration date 1490313600
2017-03-19 14:02:55,044 [8] INFO   Page captured
2017-03-19 14:02:55,046 [8] INFO   Deserialize AAPL
2017-03-19 17:04:51,621 [1] INFO   
********************************************************************************
2017-03-19 17:06:40,926 [1] INFO   DIContainer initialized
2017-03-19 17:06:48,964 [1] INFO   LoadAllSymbolsFromAllExchanges - GetSymbols
2017-03-19 17:06:48,977 [1] INFO   Start - LoadAllSymbolsFromAllExchanges
2017-03-19 17:08:28,100 [1] INFO   End - LoadAllSymbolsFromAllExchanges
2017-03-19 17:08:28,101 [1] INFO   
********************************************************************************

2017-03-19 17:08:57,744 [1] INFO   RunHistoryCollection - GetSymbols
2017-03-19 17:09:05,372 [1] INFO   Start - RunHistoryCollection
2017-03-19 17:09:05,373 [1] INFO   Get AAPL history page
2017-03-19 17:09:06,000 [1] INFO   Page captured
2017-03-19 17:09:41,665 [1] INFO   AAPL deserialized
2017-03-19 17:09:55,454 [1] INFO   End - RunQuoteHistoryCollection
2017-03-19 17:09:56,066 [1] INFO   
********************************************************************************

2017-03-19 17:10:07,237 [1] INFO   RunOptionsCollection - GetSymbols
2017-03-19 17:10:14,015 [1] INFO   Start - RunOptionsCollection
2017-03-19 17:10:14,017 [1] INFO   Get AAPL page
2017-03-19 17:10:14,196 [1] INFO   Page captured
2017-03-19 17:10:14,198 [1] INFO   Deserialize AAPL
2017-03-19 17:17:14,676 [1] INFO   
********************************************************************************
2017-03-19 17:17:18,086 [1] INFO   DIContainer initialized
2017-03-19 17:17:23,830 [1] INFO   LoadAllSymbolsFromAllExchanges - GetSymbols
2017-03-19 17:17:23,839 [1] INFO   Start - LoadAllSymbolsFromAllExchanges
2017-03-19 17:18:10,774 [1] INFO   End - LoadAllSymbolsFromAllExchanges
2017-03-19 17:18:11,114 [1] INFO   
********************************************************************************

2017-03-19 17:18:29,199 [1] INFO   RunHistoryCollection - GetSymbols
2017-03-19 17:18:29,213 [1] INFO   Start - RunHistoryCollection
2017-03-19 17:18:29,214 [1] INFO   Get AAPL history page
2017-03-19 17:18:29,752 [1] INFO   Page captured
2017-03-19 17:19:03,173 [1] INFO   End - RunQuoteHistoryCollection
2017-03-19 17:19:03,815 [1] INFO   
********************************************************************************

2017-03-19 17:19:17,728 [1] INFO   RunOptionsCollection - GetSymbols
2017-03-19 17:19:24,001 [1] INFO   Start - RunOptionsCollection
2017-03-19 17:19:24,003 [1] INFO   Get AAPL page
2017-03-19 17:19:24,121 [1] INFO   Page captured
2017-03-19 17:19:24,122 [1] INFO   Deserialize AAPL
2017-03-19 17:27:23,518 [1] INFO   AAPL deserialized
2017-03-19 17:27:29,892 [1] INFO   Get AAPL page for expiration date 1490313600
2017-03-19 17:27:30,053 [1] INFO   Page captured
2017-03-19 17:27:30,056 [1] INFO   Deserialize AAPL
2017-03-19 17:28:30,028 [1] INFO   AAPL deserialized
2017-03-19 17:29:57,014 [1] INFO   End - RunOptionsCollection
2017-03-19 17:29:57,642 [1] INFO   
********************************************************************************

