2017-03-13 06:13:50,810 [9] INFO   
********************************************************************************
2017-03-13 06:14:14,477 [9] INFO   DIContainer initialized
2017-03-13 06:14:24,073 [9] INFO   RunHistoryCollection - GetSymbols
2017-03-13 06:14:32,082 [9] INFO   Start - RunHistoryCollection
2017-03-13 06:14:32,084 [9] INFO   Get AAPL history page
2017-03-13 07:17:42,108 [10] INFO   
********************************************************************************
2017-03-13 07:20:00,781 [10] INFO   DIContainer initialized
2017-03-13 07:35:39,338 [9] INFO   
********************************************************************************
2017-03-13 07:35:41,979 [9] INFO   DIContainer initialized
2017-03-13 08:32:49,163 [8] INFO   
********************************************************************************
2017-03-13 08:32:52,645 [8] INFO   DIContainer initialized
2017-03-13 20:04:54,691 [10] INFO   
********************************************************************************
2017-03-13 20:04:57,291 [10] INFO   DIContainer initialized
2017-03-13 20:31:36,013 [10] INFO   
********************************************************************************
2017-03-13 20:31:42,499 [10] INFO   DIContainer initialized
2017-03-13 20:55:56,142 [9] INFO   
********************************************************************************
2017-03-13 20:55:59,297 [9] INFO   DIContainer initialized
