2017-03-17 00:16:18,726 [9] INFO   
********************************************************************************
2017-03-17 00:16:22,590 [9] INFO   DIContainer initialized
2017-03-17 00:16:25,231 [9] INFO   LoadAllSymbolsFromAllExchanges - GetSymbols
2017-03-17 00:16:25,248 [9] INFO   Start - LoadAllSymbolsFromAllExchanges
2017-03-17 00:17:36,917 [9] FATAL  LoadAllSymbolsFromAllExchanges: System.ArgumentOutOfRangeException: Length cannot be less than zero.
Parameter name: length
   at System.String.Substring(Int32 startIndex, Int32 length)
   at DailySymbolService.SymbolService.GetSymbolLookup(String pages) in C:\Users\Jim\Documents\Visual Studio 2015\Projects\ScanOpts\SymbolService\SymbolService.cs:line 118
   at DailySymbolService.SymbolService.LoadAllSymbolsFromAllExchanges(List`1 exchanges) in C:\Users\Jim\Documents\Visual Studio 2015\Projects\ScanOpts\SymbolService\SymbolService.cs:line 54
2017-03-17 00:18:44,084 [9] INFO   Start - LoadAllSymbolsFromAllExchanges
2017-03-17 00:19:45,860 [9] INFO   Start - LoadAllSymbolsFromAllExchanges
2017-03-17 07:24:21,233 [10] INFO   
********************************************************************************
2017-03-17 07:24:27,424 [10] INFO   DIContainer initialized
2017-03-17 07:24:35,017 [10] INFO   LoadAllSymbolsFromAllExchanges - GetSymbols
2017-03-17 07:24:35,033 [10] INFO   Start - LoadAllSymbolsFromAllExchanges
2017-03-17 07:32:05,710 [9] INFO   
********************************************************************************
2017-03-17 07:32:20,185 [9] INFO   DIContainer initialized
2017-03-17 07:32:20,195 [9] INFO   LoadAllSymbolsFromAllExchanges - GetSymbols
2017-03-17 07:32:20,205 [9] INFO   Start - LoadAllSymbolsFromAllExchanges
2017-03-17 07:36:43,489 [10] INFO   
********************************************************************************
2017-03-17 07:36:46,242 [10] INFO   DIContainer initialized
2017-03-17 07:36:46,245 [10] INFO   LoadAllSymbolsFromAllExchanges - GetSymbols
2017-03-17 07:36:46,257 [10] INFO   Start - LoadAllSymbolsFromAllExchanges
2017-03-17 07:42:21,406 [10] INFO   End - LoadAllSymbolsFromAllExchanges
2017-03-17 07:42:22,535 [10] INFO   
********************************************************************************

2017-03-17 07:44:35,141 [10] INFO   
********************************************************************************
2017-03-17 07:44:37,582 [10] INFO   DIContainer initialized
2017-03-17 07:44:37,585 [10] INFO   LoadAllSymbolsFromAllExchanges - GetSymbols
2017-03-17 07:44:37,594 [10] INFO   Start - LoadAllSymbolsFromAllExchanges
2017-03-17 07:46:38,224 [9] INFO   
********************************************************************************
2017-03-17 07:46:40,661 [9] INFO   DIContainer initialized
2017-03-17 07:46:40,663 [9] INFO   LoadAllSymbolsFromAllExchanges - GetSymbols
2017-03-17 07:46:40,673 [9] INFO   Start - LoadAllSymbolsFromAllExchanges
2017-03-17 07:47:50,681 [9] INFO   End - LoadAllSymbolsFromAllExchanges
2017-03-17 07:47:50,682 [9] INFO   
********************************************************************************

