2017-02-19 15:51:26,042 [10] INFO   Get DIS page for expiration date 1547769600

2017-02-19 15:51:26,139 [10] INFO   Page captured

2017-02-19 15:51:26,141 [10] INFO   Deserialize DIS

2017-02-19 15:51:26,146 [10] INFO   DIS deserialized

2017-02-19 15:51:26,656 [10] INFO   Get PIR page 

2017-02-19 15:51:26,693 [10] INFO   Page captured

2017-02-19 15:51:26,695 [10] INFO   Deserialize PIR

2017-02-19 15:51:26,696 [10] INFO   PIR deserialized

2017-02-19 15:51:26,697 [10] INFO   Get PIR page for expiration date 1489708800

2017-02-19 15:51:26,826 [10] INFO   Page captured

2017-02-19 15:51:26,828 [10] INFO   Deserialize PIR

2017-02-19 15:51:26,830 [10] INFO   PIR deserialized

2017-02-19 15:51:27,269 [10] INFO   Get PIR page for expiration date 1497571200

2017-02-19 15:51:27,343 [10] INFO   Page captured

2017-02-19 15:51:27,344 [10] INFO   Deserialize PIR

2017-02-19 15:51:27,347 [10] INFO   PIR deserialized

2017-02-19 15:51:27,733 [10] INFO   Get PIR page for expiration date 1505433600

2017-02-19 15:51:27,785 [10] INFO   Page captured

2017-02-19 15:51:27,787 [10] INFO   Deserialize PIR

2017-02-19 15:51:27,789 [10] INFO   PIR deserialized

2017-02-19 15:51:28,007 [10] INFO   Get PIR page for expiration date 1516320000

2017-02-19 15:51:28,052 [10] INFO   Page captured

2017-02-19 15:51:28,053 [10] INFO   Deserialize PIR

2017-02-19 15:51:28,055 [10] INFO   PIR deserialized

2017-02-19 15:51:28,248 [10] INFO   We're done'...

2017-02-19 15:51:28,250 [10] INFO   
********************************************************************************

