2017-03-15 08:28:06,663 [9] INFO   
********************************************************************************
2017-03-15 08:30:00,560 [9] INFO   RunHistoryCollection - GetSymbols
2017-03-15 08:30:00,591 [9] INFO   Start - RunHistoryCollection
2017-03-15 08:30:00,593 [9] INFO   Get AAPL history page
2017-03-15 08:30:01,144 [9] INFO   Page captured
2017-03-15 08:30:36,568 [9] INFO   AAPL deserialized
2017-03-15 08:31:44,132 [9] INFO   RunOptionsCollection - GetSymbols
2017-03-15 08:31:44,157 [9] INFO   Start - RunOptionsCollection
2017-03-15 08:31:44,159 [9] INFO   Get AAPL page
2017-03-15 08:31:44,330 [9] INFO   Page captured
2017-03-15 08:31:44,331 [9] INFO   Deserialize AAPL
2017-03-15 08:38:25,450 [9] INFO   Get AAPL page
2017-03-15 08:38:26,421 [9] INFO   Page captured
2017-03-15 08:38:26,818 [9] INFO   Deserialize AAPL
2017-03-15 08:39:07,779 [9] INFO   Get AAPL page
2017-03-15 08:39:07,982 [9] INFO   Page captured
2017-03-15 08:39:07,983 [9] INFO   Deserialize AAPL
2017-03-15 19:29:41,310 [9] INFO   
********************************************************************************
2017-03-15 19:29:58,700 [9] INFO   DIContainer initialized
2017-03-15 19:37:00,329 [8] INFO   
********************************************************************************
2017-03-15 19:37:04,513 [8] INFO   DIContainer initialized
2017-03-15 21:41:09,854 [10] INFO   
********************************************************************************
2017-03-15 21:41:12,056 [10] INFO   DIContainer initialized
