2017-02-26 11:07:37,413 [10] INFO   
********************************************************************************
2017-02-26 11:07:37,439 [10] INFO   DIContainer initialized

2017-02-26 11:07:37,440 [10] INFO   Start timer...
2017-02-26 11:07:37,440 [10] INFO   RunOptionsCollection - GetSymbols
2017-02-26 11:07:37,452 [10] INFO   Start - RunOptionsCollection
2017-02-26 11:07:37,452 [10] INFO   Get AAPL page 

2017-02-26 11:07:37,599 [10] INFO   Page captured

2017-02-26 11:07:37,600 [10] INFO   Deserialize AAPL

2017-02-26 11:07:37,771 [10] INFO   AAPL deserialized

2017-02-26 11:07:37,772 [10] INFO   Get AAPL page for expiration date 1488499200

2017-02-26 11:07:37,903 [10] INFO   Page captured

2017-02-26 11:07:37,904 [10] INFO   Deserialize AAPL

2017-02-26 11:07:37,936 [10] INFO   AAPL deserialized

2017-02-26 11:19:30,404 [10] INFO   
********************************************************************************
2017-02-26 11:19:30,427 [10] INFO   DIContainer initialized

2017-02-26 11:19:30,427 [10] INFO   Start timer...
2017-02-26 11:19:30,428 [10] INFO   RunOptionsCollection - GetSymbols
2017-02-26 11:19:30,440 [10] INFO   Start - RunOptionsCollection
2017-02-26 11:19:30,440 [10] INFO   Get AAPL page 

2017-02-26 11:19:30,611 [10] INFO   Page captured

2017-02-26 11:19:30,612 [10] INFO   Deserialize AAPL

2017-02-26 11:19:30,782 [10] INFO   AAPL deserialized

2017-02-26 11:19:30,782 [10] INFO   Get AAPL page for expiration date 1488499200

2017-02-26 11:19:30,922 [10] INFO   Page captured

2017-02-26 11:19:30,923 [10] INFO   Deserialize AAPL

2017-02-26 11:19:30,951 [10] INFO   AAPL deserialized

2017-02-26 11:27:30,778 [9] INFO   
********************************************************************************
2017-02-26 11:27:30,800 [9] INFO   DIContainer initialized

2017-02-26 11:27:30,801 [9] INFO   Start timer...
2017-02-26 11:27:30,802 [9] INFO   RunOptionsCollection - GetSymbols
2017-02-26 11:27:30,814 [9] INFO   Start - RunOptionsCollection
2017-02-26 11:27:30,815 [9] INFO   Get AAPL page 

2017-02-26 11:27:30,959 [9] INFO   Page captured

2017-02-26 11:27:30,960 [9] INFO   Deserialize AAPL

2017-02-26 11:27:31,129 [9] INFO   AAPL deserialized

2017-02-26 11:27:31,130 [9] INFO   Get AAPL page for expiration date 1488499200

2017-02-26 11:27:31,372 [9] INFO   Page captured

2017-02-26 11:27:31,373 [9] INFO   Deserialize AAPL

2017-02-26 11:27:31,398 [9] INFO   AAPL deserialized

2017-02-26 11:30:59,821 [9] INFO   
********************************************************************************
2017-02-26 11:30:59,844 [9] INFO   DIContainer initialized

2017-02-26 11:30:59,844 [9] INFO   Start timer...
2017-02-26 11:30:59,845 [9] INFO   RunOptionsCollection - GetSymbols
2017-02-26 11:30:59,856 [9] INFO   Start - RunOptionsCollection
2017-02-26 11:30:59,857 [9] INFO   Get AAPL page 

2017-02-26 11:31:00,038 [9] INFO   Page captured

2017-02-26 11:31:00,039 [9] INFO   Deserialize AAPL

2017-02-26 11:31:00,207 [9] INFO   AAPL deserialized

2017-02-26 11:31:00,208 [9] INFO   Get AAPL page for expiration date 1488499200

2017-02-26 11:31:00,341 [9] INFO   Page captured

2017-02-26 11:31:00,342 [9] INFO   Deserialize AAPL

2017-02-26 11:31:00,372 [9] INFO   AAPL deserialized

2017-02-26 16:31:32,323 [9] INFO   
********************************************************************************
2017-02-26 16:31:32,348 [9] INFO   DIContainer initialized

2017-02-26 16:31:32,348 [9] INFO   Start timer...
2017-02-26 16:31:32,349 [9] INFO   RunOptionsCollection - GetSymbols
2017-02-26 16:31:32,361 [9] INFO   Start - RunOptionsCollection
2017-02-26 16:31:32,361 [9] INFO   Get AAPL page 

2017-02-26 16:31:32,899 [9] INFO   Page captured

2017-02-26 16:31:32,900 [9] INFO   Deserialize AAPL

2017-02-26 16:31:33,071 [9] INFO   AAPL deserialized

2017-02-26 16:31:33,072 [9] INFO   Get AAPL page for expiration date 1488499200

2017-02-26 16:31:33,198 [9] INFO   Page captured

2017-02-26 16:31:33,199 [9] INFO   Deserialize AAPL

2017-02-26 16:31:33,226 [9] INFO   AAPL deserialized

2017-02-26 16:33:33,638 [10] INFO   
********************************************************************************
2017-02-26 16:33:33,659 [10] INFO   DIContainer initialized

2017-02-26 16:33:33,660 [10] INFO   Start timer...
2017-02-26 16:33:33,660 [10] INFO   RunOptionsCollection - GetSymbols
2017-02-26 16:33:33,672 [10] INFO   Start - RunOptionsCollection
2017-02-26 16:33:33,673 [10] INFO   Get AAPL page 

2017-02-26 16:33:33,785 [10] INFO   Page captured

2017-02-26 16:33:33,785 [10] INFO   Deserialize AAPL

2017-02-26 16:33:33,952 [10] INFO   AAPL deserialized

2017-02-26 16:33:33,953 [10] INFO   Get AAPL page for expiration date 1488499200

2017-02-26 16:33:34,177 [10] INFO   Page captured

2017-02-26 16:33:34,178 [10] INFO   Deserialize AAPL

2017-02-26 16:33:34,205 [10] INFO   AAPL deserialized

2017-02-26 16:34:41,978 [10] INFO   
********************************************************************************
2017-02-26 16:34:42,000 [10] INFO   DIContainer initialized

2017-02-26 16:34:42,001 [10] INFO   Start timer...
2017-02-26 16:34:42,001 [10] INFO   RunOptionsCollection - GetSymbols
2017-02-26 16:34:42,012 [10] INFO   Start - RunOptionsCollection
2017-02-26 16:34:42,013 [10] INFO   Get AAPL page 

2017-02-26 16:34:42,123 [10] INFO   Page captured

2017-02-26 16:34:42,124 [10] INFO   Deserialize AAPL

2017-02-26 16:34:42,290 [10] INFO   AAPL deserialized

2017-02-26 16:34:42,291 [10] INFO   Get AAPL page for expiration date 1488499200

2017-02-26 16:34:45,422 [10] INFO   Page captured

2017-02-26 16:34:45,422 [10] INFO   Deserialize AAPL

2017-02-26 16:34:45,449 [10] INFO   AAPL deserialized

2017-02-26 16:35:19,335 [10] ERROR  QuoteORMService - Add<AAPL> - Add error: Sequence contains no matching element

2017-02-26 16:36:45,669 [10] INFO   End - RunOptionsCollection
2017-02-26 16:36:46,516 [10] INFO   
********************************************************************************

2017-02-26 16:41:29,853 [8] INFO   
********************************************************************************
2017-02-26 16:41:29,875 [8] INFO   DIContainer initialized
2017-02-26 16:41:29,876 [8] INFO   Start timer...
2017-02-26 16:41:29,876 [8] INFO   RunOptionsCollection - GetSymbols
2017-02-26 16:41:29,888 [8] INFO   Start - RunOptionsCollection
2017-02-26 16:41:29,889 [8] INFO   Get AAPL page
2017-02-26 16:41:30,065 [8] INFO   Page captured
2017-02-26 16:41:30,066 [8] INFO   Deserialize AAPL
2017-02-26 16:41:30,231 [8] INFO   AAPL deserialized
2017-02-26 16:41:30,231 [8] INFO   Get AAPL page for expiration date 1488499200
2017-02-26 16:41:30,356 [8] INFO   Page captured
2017-02-26 16:41:30,357 [8] INFO   Deserialize AAPL
2017-02-26 16:41:30,382 [8] INFO   AAPL deserialized
2017-02-26 16:41:42,586 [8] ERROR  QuoteORMService - Add<AAPL> - Add error: Sequence contains no matching element

2017-02-26 16:41:47,942 [8] INFO   End - RunOptionsCollection
2017-02-26 16:41:47,943 [8] INFO   
********************************************************************************

2017-02-26 16:43:38,299 [9] INFO   
********************************************************************************
2017-02-26 16:43:38,322 [9] INFO   DIContainer initialized
2017-02-26 16:43:38,322 [9] INFO   Start timer...
2017-02-26 16:43:38,323 [9] INFO   RunOptionsCollection - GetSymbols
2017-02-26 16:43:38,334 [9] INFO   Start - RunOptionsCollection
2017-02-26 16:43:38,335 [9] INFO   Get AAPL page
2017-02-26 16:43:38,477 [9] INFO   Page captured
2017-02-26 16:43:38,478 [9] INFO   Deserialize AAPL
2017-02-26 16:43:38,648 [9] INFO   AAPL deserialized
2017-02-26 16:43:38,649 [9] INFO   Get AAPL page for expiration date 1488499200
2017-02-26 16:43:38,777 [9] INFO   Page captured
2017-02-26 16:43:38,778 [9] INFO   Deserialize AAPL
2017-02-26 16:43:38,803 [9] INFO   AAPL deserialized
2017-02-26 16:43:39,044 [9] ERROR  QuoteORMService - Add<AAPL> - Add error: Sequence contains no matching element

2017-02-26 16:43:39,045 [9] INFO   End - RunOptionsCollection
2017-02-26 16:43:39,046 [9] INFO   
********************************************************************************

2017-02-26 16:44:47,875 [9] INFO   
********************************************************************************
2017-02-26 16:44:47,897 [9] INFO   DIContainer initialized
2017-02-26 16:44:47,898 [9] INFO   Start timer...
2017-02-26 16:44:47,898 [9] INFO   RunOptionsCollection - GetSymbols
2017-02-26 16:44:47,910 [9] INFO   Start - RunOptionsCollection
2017-02-26 16:44:47,910 [9] INFO   Get AAPL page
2017-02-26 16:44:48,032 [9] INFO   Page captured
2017-02-26 16:44:48,033 [9] INFO   Deserialize AAPL
2017-02-26 16:44:48,197 [9] INFO   AAPL deserialized
2017-02-26 16:44:48,197 [9] INFO   Get AAPL page for expiration date 1488499200
2017-02-26 16:44:48,334 [9] INFO   Page captured
2017-02-26 16:44:48,335 [9] INFO   Deserialize AAPL
2017-02-26 16:44:48,360 [9] INFO   AAPL deserialized
2017-02-26 16:44:48,598 [9] ERROR  QuoteORMService - Add<AAPL> - Add error: Sequence contains no matching element

2017-02-26 16:44:48,599 [9] INFO   End - RunOptionsCollection
2017-02-26 16:44:48,600 [9] INFO   
********************************************************************************

2017-02-26 16:45:30,507 [10] INFO   
********************************************************************************
2017-02-26 16:45:30,531 [10] INFO   DIContainer initialized
2017-02-26 16:45:30,532 [10] INFO   Start timer...
2017-02-26 16:45:30,532 [10] INFO   RunOptionsCollection - GetSymbols
2017-02-26 16:45:30,544 [10] INFO   Start - RunOptionsCollection
2017-02-26 16:45:30,544 [10] INFO   Get AAPL page
2017-02-26 16:45:30,659 [10] INFO   Page captured
2017-02-26 16:45:30,660 [10] INFO   Deserialize AAPL
2017-02-26 16:45:30,824 [10] INFO   AAPL deserialized
2017-02-26 16:45:30,824 [10] INFO   Get AAPL page for expiration date 1488499200
2017-02-26 16:45:30,954 [10] INFO   Page captured
2017-02-26 16:45:30,955 [10] INFO   Deserialize AAPL
2017-02-26 16:45:30,980 [10] INFO   AAPL deserialized
2017-02-26 16:45:31,221 [10] ERROR  
QuoteORMService - Add<AAPL> - Add error: Sequence contains no matching element

2017-02-26 16:45:31,224 [10] INFO   End - RunOptionsCollection
2017-02-26 16:45:31,225 [10] INFO   
********************************************************************************

2017-02-26 17:01:13,064 [9] INFO   
********************************************************************************
2017-02-26 17:01:13,086 [9] INFO   DIContainer initialized
2017-02-26 17:01:13,087 [9] INFO   Start timer...
2017-02-26 17:01:13,087 [9] INFO   RunOptionsCollection - GetSymbols
2017-02-26 17:01:13,101 [9] INFO   Start - RunOptionsCollection
2017-02-26 17:01:13,102 [9] INFO   Get AAPL page
2017-02-26 17:01:13,237 [9] INFO   Page captured
2017-02-26 17:01:13,237 [9] INFO   Deserialize AAPL
2017-02-26 17:01:13,414 [9] INFO   AAPL deserialized
2017-02-26 17:01:13,415 [9] INFO   Get AAPL page for expiration date 1488499200
2017-02-26 17:01:13,558 [9] INFO   Page captured
2017-02-26 17:01:13,559 [9] INFO   Deserialize AAPL
2017-02-26 17:01:13,585 [9] INFO   AAPL deserialized
2017-02-26 17:22:30,214 [10] INFO   
********************************************************************************
2017-02-26 17:22:30,241 [10] INFO   DIContainer initialized
2017-02-26 17:22:30,242 [10] INFO   Start timer...
2017-02-26 17:23:38,562 [9] INFO   
********************************************************************************
2017-02-26 17:23:39,641 [9] INFO   DIContainer initialized
2017-02-26 17:23:40,318 [9] INFO   Start timer...
2017-02-26 17:32:06,015 [8] INFO   
********************************************************************************
2017-02-26 17:32:06,039 [8] INFO   DIContainer initialized
2017-02-26 17:32:06,039 [8] INFO   Start timer...
2017-02-26 17:32:06,041 [8] INFO   RunOptionsCollection - GetSymbols
2017-02-26 17:32:06,053 [8] INFO   Start - RunOptionsCollection
2017-02-26 17:32:06,054 [8] INFO   Get AAPL page
2017-02-26 17:32:06,181 [8] INFO   Page captured
2017-02-26 17:32:06,182 [8] INFO   Deserialize AAPL
2017-02-26 17:32:06,349 [8] INFO   AAPL deserialized
2017-02-26 17:32:06,350 [8] INFO   Get AAPL page for expiration date 1488499200
2017-02-26 17:32:06,546 [8] INFO   Page captured
2017-02-26 17:32:06,547 [8] INFO   Deserialize AAPL
2017-02-26 17:32:06,573 [8] INFO   AAPL deserialized
2017-02-26 17:32:07,193 [8] INFO   CallPutORMService - AddMany AAPL
2017-02-26 17:32:07,196 [8] INFO   CallPutORMService - AddMany AAPL
2017-02-26 17:32:07,196 [8] INFO   CallPutORMService - AddMany AAPL
2017-02-26 17:32:07,197 [8] INFO   CallPutORMService - AddMany AAPL
2017-02-26 17:32:07,197 [8] INFO   CallPutORMService - AddMany AAPL
2017-02-26 17:32:07,197 [8] INFO   CallPutORMService - AddMany AAPL
2017-02-26 17:32:07,198 [8] INFO   CallPutORMService - AddMany AAPL
2017-02-26 17:32:07,198 [8] INFO   CallPutORMService - AddMany AAPL
2017-02-26 17:32:07,199 [8] INFO   CallPutORMService - AddMany AAPL
2017-02-26 17:32:07,199 [8] INFO   CallPutORMService - AddMany AAPL
2017-02-26 17:32:07,200 [8] INFO   CallPutORMService - AddMany AAPL
2017-02-26 17:32:07,200 [8] INFO   CallPutORMService - AddMany AAPL
2017-02-26 17:32:07,201 [8] INFO   CallPutORMService - AddMany AAPL
2017-02-26 17:32:07,201 [8] INFO   CallPutORMService - AddMany AAPL
2017-02-26 17:32:07,202 [8] INFO   CallPutORMService - AddMany AAPL
2017-02-26 17:32:07,206 [8] INFO   CallPutORMService - AddMany AAPL
2017-02-26 17:32:07,206 [8] INFO   CallPutORMService - AddMany AAPL
2017-02-26 17:32:07,207 [8] INFO   CallPutORMService - AddMany AAPL
2017-02-26 17:32:07,207 [8] INFO   CallPutORMService - AddMany AAPL
2017-02-26 17:32:07,208 [8] INFO   CallPutORMService - AddMany AAPL
2017-02-26 17:32:07,208 [8] INFO   CallPutORMService - AddMany AAPL
2017-02-26 17:32:07,208 [8] INFO   CallPutORMService - AddMany AAPL
2017-02-26 17:32:07,209 [8] INFO   CallPutORMService - AddMany AAPL
2017-02-26 17:32:07,209 [8] INFO   CallPutORMService - AddMany AAPL
2017-02-26 17:32:07,210 [8] INFO   CallPutORMService - AddMany AAPL
2017-02-26 17:32:07,210 [8] INFO   CallPutORMService - AddMany AAPL
2017-02-26 17:32:07,211 [8] INFO   CallPutORMService - AddMany AAPL
2017-02-26 17:32:07,211 [8] INFO   CallPutORMService - AddMany AAPL
2017-02-26 17:32:07,213 [8] INFO   CallPutORMService - AddMany AAPL
2017-02-26 17:32:07,213 [8] INFO   CallPutORMService - AddMany AAPL
2017-02-26 17:32:07,216 [8] INFO   CallPutORMService - AddMany AAPL
2017-02-26 17:32:07,217 [8] INFO   CallPutORMService - AddMany AAPL
2017-02-26 17:32:07,217 [8] INFO   CallPutORMService - AddMany AAPL
2017-02-26 17:32:07,217 [8] INFO   CallPutORMService - AddMany AAPL
2017-02-26 17:32:07,218 [8] INFO   CallPutORMService - AddMany AAPL
2017-02-26 17:32:07,218 [8] INFO   CallPutORMService - AddMany AAPL
2017-02-26 17:32:07,219 [8] INFO   CallPutORMService - AddMany AAPL
2017-02-26 17:32:07,219 [8] INFO   CallPutORMService - AddMany AAPL
2017-02-26 17:32:07,220 [8] INFO   CallPutORMService - AddMany AAPL
2017-02-26 17:32:07,220 [8] INFO   CallPutORMService - AddMany AAPL
2017-02-26 17:32:07,221 [8] INFO   CallPutORMService - AddMany AAPL
2017-02-26 17:32:07,222 [8] INFO   CallPutORMService - AddMany AAPL
2017-02-26 17:32:07,222 [8] INFO   CallPutORMService - AddMany AAPL
2017-02-26 17:32:07,222 [8] INFO   CallPutORMService - AddMany AAPL
2017-02-26 17:32:07,223 [8] INFO   CallPutORMService - AddMany AAPL
2017-02-26 17:32:07,223 [8] INFO   CallPutORMService - AddMany AAPL
2017-02-26 17:32:07,224 [8] INFO   CallPutORMService - AddMany AAPL
2017-02-26 17:32:07,224 [8] INFO   CallPutORMService - AddMany AAPL
2017-02-26 17:32:07,225 [8] INFO   CallPutORMService - AddMany AAPL
2017-02-26 17:32:07,225 [8] INFO   CallPutORMService - AddMany AAPL
2017-02-26 17:32:07,225 [8] INFO   CallPutORMService - AddMany AAPL
2017-02-26 17:32:07,226 [8] INFO   CallPutORMService - AddMany AAPL
2017-02-26 17:32:07,226 [8] INFO   CallPutORMService - AddMany AAPL
2017-02-26 17:32:07,227 [8] INFO   CallPutORMService - AddMany AAPL
2017-02-26 17:32:07,227 [8] INFO   CallPutORMService - AddMany AAPL
2017-02-26 17:32:07,228 [8] INFO   CallPutORMService - AddMany AAPL
2017-02-26 17:32:07,228 [8] INFO   CallPutORMService - AddMany AAPL
2017-02-26 17:32:07,228 [8] INFO   CallPutORMService - AddMany AAPL
2017-02-26 17:32:07,229 [8] INFO   CallPutORMService - AddMany AAPL
2017-02-26 17:32:07,229 [8] INFO   CallPutORMService - AddMany AAPL
2017-02-26 17:32:07,230 [8] INFO   CallPutORMService - AddMany AAPL
2017-02-26 17:32:07,231 [8] INFO   CallPutORMService - AddMany AAPL
2017-02-26 17:32:07,231 [8] INFO   CallPutORMService - AddMany AAPL
2017-02-26 17:32:07,232 [8] INFO   CallPutORMService - AddMany AAPL
2017-02-26 17:32:07,232 [8] INFO   CallPutORMService - AddMany AAPL
2017-02-26 17:32:07,232 [8] INFO   CallPutORMService - AddMany AAPL
2017-02-26 17:32:07,233 [8] INFO   CallPutORMService - AddMany AAPL
2017-02-26 17:32:07,233 [8] INFO   CallPutORMService - AddMany AAPL
2017-02-26 17:32:07,234 [8] INFO   CallPutORMService - AddMany AAPL
2017-02-26 17:32:07,234 [8] INFO   CallPutORMService - AddMany AAPL
2017-02-26 17:32:07,235 [8] INFO   CallPutORMService - AddMany AAPL
2017-02-26 17:32:07,235 [8] INFO   CallPutORMService - AddMany AAPL
2017-02-26 17:32:07,235 [8] INFO   CallPutORMService - AddMany AAPL
2017-02-26 17:32:07,236 [8] INFO   CallPutORMService - AddMany AAPL
2017-02-26 17:32:07,236 [8] INFO   CallPutORMService - AddMany AAPL
2017-02-26 17:32:07,237 [8] INFO   CallPutORMService - AddMany AAPL
2017-02-26 17:32:07,237 [8] INFO   CallPutORMService - AddMany AAPL
2017-02-26 17:32:07,237 [8] INFO   CallPutORMService - AddMany AAPL
2017-02-26 17:32:07,238 [8] INFO   CallPutORMService - AddMany AAPL
2017-02-26 17:32:07,238 [8] INFO   CallPutORMService - AddMany AAPL
2017-02-26 17:32:07,239 [8] INFO   CallPutORMService - AddMany AAPL
2017-02-26 17:32:07,240 [8] INFO   CallPutORMService - AddMany AAPL
2017-02-26 17:32:07,240 [8] INFO   CallPutORMService - AddMany AAPL
2017-02-26 17:32:07,241 [8] INFO   CallPutORMService - AddMany AAPL
2017-02-26 17:32:07,242 [8] INFO   CallPutORMService - AddMany AAPL
2017-02-26 17:32:07,242 [8] INFO   CallPutORMService - AddMany AAPL
2017-02-26 17:32:07,243 [8] INFO   CallPutORMService - AddMany AAPL
2017-02-26 17:32:07,243 [8] INFO   CallPutORMService - AddMany AAPL
2017-02-26 17:32:07,245 [8] INFO   CallPutORMService - AddMany AAPL
2017-02-26 17:32:07,245 [8] INFO   CallPutORMService - AddMany AAPL
2017-02-26 17:32:07,245 [8] INFO   CallPutORMService - AddMany AAPL
2017-02-26 17:32:07,246 [8] INFO   CallPutORMService - AddMany AAPL
2017-02-26 17:32:07,247 [8] INFO   CallPutORMService - AddMany AAPL
2017-02-26 17:32:07,247 [8] INFO   CallPutORMService - AddMany AAPL
2017-02-26 17:32:07,248 [8] INFO   CallPutORMService - AddMany AAPL
2017-02-26 17:32:07,248 [8] INFO   CallPutORMService - AddMany AAPL
2017-02-26 17:32:07,249 [8] INFO   CallPutORMService - AddMany AAPL
2017-02-26 17:32:07,250 [8] INFO   CallPutORMService - AddMany AAPL
2017-02-26 17:32:07,250 [8] INFO   CallPutORMService - AddMany AAPL
2017-02-26 17:32:07,251 [8] INFO   CallPutORMService - AddMany Saving Changes
2017-02-26 17:32:08,091 [8] INFO   Get AAPL page for expiration date 1489104000
2017-02-26 17:32:08,197 [8] INFO   Page captured
2017-02-26 17:32:08,197 [8] INFO   Deserialize AAPL
2017-02-26 17:32:08,201 [8] INFO   AAPL deserialized
2017-02-26 17:32:08,202 [8] INFO   CallPutORMService - AddMany AAPL
2017-02-26 17:32:08,202 [8] INFO   CallPutORMService - AddMany AAPL
2017-02-26 17:32:08,203 [8] INFO   CallPutORMService - AddMany AAPL
2017-02-26 17:32:08,203 [8] INFO   CallPutORMService - AddMany AAPL
2017-02-26 17:32:08,204 [8] INFO   CallPutORMService - AddMany AAPL
2017-02-26 17:32:08,204 [8] INFO   CallPutORMService - AddMany AAPL
2017-02-26 17:32:08,204 [8] INFO   CallPutORMService - AddMany AAPL
2017-02-26 17:32:08,205 [8] INFO   CallPutORMService - AddMany AAPL
2017-02-26 17:32:08,205 [8] INFO   CallPutORMService - AddMany AAPL
2017-02-26 17:32:08,206 [8] INFO   CallPutORMService - AddMany AAPL
2017-02-26 17:32:08,207 [8] INFO   CallPutORMService - AddMany AAPL
2017-02-26 17:32:08,207 [8] INFO   CallPutORMService - AddMany AAPL
2017-02-26 17:32:08,208 [8] INFO   CallPutORMService - AddMany AAPL
2017-02-26 17:32:08,208 [8] INFO   CallPutORMService - AddMany AAPL
2017-02-26 17:32:08,209 [8] INFO   CallPutORMService - AddMany AAPL
2017-02-26 17:32:08,209 [8] INFO   CallPutORMService - AddMany AAPL
2017-02-26 17:32:08,210 [8] INFO   CallPutORMService - AddMany AAPL
2017-02-26 17:32:08,210 [8] INFO   CallPutORMService - AddMany AAPL
2017-02-26 17:32:08,216 [8] INFO   CallPutORMService - AddMany AAPL
2017-02-26 17:32:08,217 [8] INFO   CallPutORMService - AddMany AAPL
2017-02-26 17:32:08,218 [8] INFO   CallPutORMService - AddMany AAPL
2017-02-26 17:32:08,219 [8] INFO   CallPutORMService - AddMany AAPL
2017-02-26 17:32:08,219 [8] INFO   CallPutORMService - AddMany AAPL
2017-02-26 17:32:08,220 [8] INFO   CallPutORMService - AddMany AAPL
2017-02-26 17:32:08,220 [8] INFO   CallPutORMService - AddMany AAPL
2017-02-26 17:32:08,221 [8] INFO   CallPutORMService - AddMany AAPL
2017-02-26 17:32:08,221 [8] INFO   CallPutORMService - AddMany AAPL
2017-02-26 17:32:08,222 [8] INFO   CallPutORMService - AddMany AAPL
2017-02-26 17:32:08,222 [8] INFO   CallPutORMService - AddMany AAPL
2017-02-26 17:32:08,223 [8] INFO   CallPutORMService - AddMany AAPL
2017-02-26 17:32:08,224 [8] INFO   CallPutORMService - AddMany AAPL
2017-02-26 17:32:08,225 [8] INFO   CallPutORMService - AddMany AAPL
2017-02-26 17:32:08,226 [8] INFO   CallPutORMService - AddMany AAPL
2017-02-26 17:32:08,227 [8] INFO   CallPutORMService - AddMany AAPL
2017-02-26 17:32:08,227 [8] INFO   CallPutORMService - AddMany AAPL
2017-02-26 17:32:08,228 [8] INFO   CallPutORMService - AddMany AAPL
2017-02-26 17:32:08,228 [8] INFO   CallPutORMService - AddMany AAPL
2017-02-26 17:32:08,228 [8] INFO   CallPutORMService - AddMany AAPL
2017-02-26 17:32:08,229 [8] INFO   CallPutORMService - AddMany AAPL
2017-02-26 17:32:08,229 [8] INFO   CallPutORMService - AddMany AAPL
2017-02-26 17:32:08,230 [8] INFO   CallPutORMService - AddMany AAPL
2017-02-26 17:32:08,230 [8] INFO   CallPutORMService - AddMany AAPL
2017-02-26 17:32:08,231 [8] INFO   CallPutORMService - AddMany AAPL
2017-02-26 17:32:08,231 [8] INFO   CallPutORMService - AddMany AAPL
2017-02-26 17:32:08,231 [8] INFO   CallPutORMService - AddMany AAPL
2017-02-26 17:32:08,232 [8] INFO   CallPutORMService - AddMany AAPL
2017-02-26 17:32:08,232 [8] INFO   CallPutORMService - AddMany AAPL
2017-02-26 17:32:08,233 [8] INFO   CallPutORMService - AddMany AAPL
2017-02-26 17:32:08,234 [8] INFO   CallPutORMService - AddMany AAPL
2017-02-26 17:32:08,234 [8] INFO   CallPutORMService - AddMany AAPL
2017-02-26 17:32:08,234 [8] INFO   CallPutORMService - AddMany AAPL
2017-02-26 17:32:08,235 [8] INFO   CallPutORMService - AddMany AAPL
2017-02-26 17:32:08,235 [8] INFO   CallPutORMService - AddMany AAPL
2017-02-26 17:32:08,236 [8] INFO   CallPutORMService - AddMany AAPL
2017-02-26 17:32:08,236 [8] INFO   CallPutORMService - AddMany AAPL
2017-02-26 17:32:08,237 [8] INFO   CallPutORMService - AddMany AAPL
2017-02-26 17:32:08,237 [8] INFO   CallPutORMService - AddMany AAPL
2017-02-26 17:32:08,237 [8] INFO   CallPutORMService - AddMany AAPL
2017-02-26 17:32:08,238 [8] INFO   CallPutORMService - AddMany AAPL
2017-02-26 17:32:08,238 [8] INFO   CallPutORMService - AddMany AAPL
2017-02-26 17:32:08,239 [8] INFO   CallPutORMService - AddMany AAPL
2017-02-26 17:32:08,239 [8] INFO   CallPutORMService - AddMany AAPL
2017-02-26 17:32:08,240 [8] INFO   CallPutORMService - AddMany AAPL
2017-02-26 17:32:08,240 [8] INFO   CallPutORMService - AddMany AAPL
2017-02-26 17:32:08,241 [8] INFO   CallPutORMService - AddMany AAPL
2017-02-26 17:32:08,242 [8] INFO   CallPutORMService - AddMany AAPL
2017-02-26 17:32:08,243 [8] INFO   CallPutORMService - AddMany AAPL
2017-02-26 17:32:08,243 [8] INFO   CallPutORMService - AddMany AAPL
2017-02-26 17:32:08,244 [8] INFO   CallPutORMService - AddMany AAPL
2017-02-26 17:32:08,245 [8] INFO   CallPutORMService - AddMany AAPL
2017-02-26 17:32:08,245 [8] INFO   CallPutORMService - AddMany AAPL
2017-02-26 17:32:08,246 [8] INFO   CallPutORMService - AddMany AAPL
2017-02-26 17:32:08,246 [8] INFO   CallPutORMService - AddMany AAPL
2017-02-26 17:32:08,247 [8] INFO   CallPutORMService - AddMany AAPL
2017-02-26 17:32:08,247 [8] INFO   CallPutORMService - AddMany AAPL
2017-02-26 17:32:08,248 [8] INFO   CallPutORMService - AddMany AAPL
2017-02-26 17:32:08,249 [8] INFO   CallPutORMService - AddMany AAPL
2017-02-26 17:32:08,249 [8] INFO   CallPutORMService - AddMany AAPL
2017-02-26 17:32:08,250 [8] INFO   CallPutORMService - AddMany AAPL
2017-02-26 17:32:08,250 [8] INFO   CallPutORMService - AddMany AAPL
2017-02-26 17:32:08,251 [8] INFO   CallPutORMService - AddMany AAPL
2017-02-26 17:32:08,251 [8] INFO   CallPutORMService - AddMany Saving Changes
2017-02-26 17:32:09,122 [8] INFO   Get AAPL page for expiration date 1489708800
2017-02-26 17:32:09,231 [8] INFO   Page captured
2017-02-26 17:32:09,232 [8] INFO   Deserialize AAPL
2017-02-26 17:32:09,236 [8] INFO   AAPL deserialized
2017-02-26 17:32:09,237 [8] INFO   CallPutORMService - AddMany AAPL
2017-02-26 17:32:09,237 [8] INFO   CallPutORMService - AddMany AAPL
2017-02-26 17:32:09,238 [8] INFO   CallPutORMService - AddMany AAPL
2017-02-26 17:32:09,238 [8] INFO   CallPutORMService - AddMany AAPL
2017-02-26 17:32:09,238 [8] INFO   CallPutORMService - AddMany AAPL
2017-02-26 17:32:09,239 [8] INFO   CallPutORMService - AddMany AAPL
2017-02-26 17:32:09,239 [8] INFO   CallPutORMService - AddMany AAPL
2017-02-26 17:32:09,240 [8] INFO   CallPutORMService - AddMany AAPL
2017-02-26 17:32:09,240 [8] INFO   CallPutORMService - AddMany AAPL
2017-02-26 17:32:09,241 [8] INFO   CallPutORMService - AddMany AAPL
2017-02-26 17:32:09,241 [8] INFO   CallPutORMService - AddMany AAPL
2017-02-26 17:32:09,242 [8] INFO   CallPutORMService - AddMany AAPL
2017-02-26 17:32:09,243 [8] INFO   CallPutORMService - AddMany AAPL
2017-02-26 17:32:09,243 [8] INFO   CallPutORMService - AddMany AAPL
2017-02-26 17:32:09,243 [8] INFO   CallPutORMService - AddMany AAPL
2017-02-26 17:32:09,244 [8] INFO   CallPutORMService - AddMany AAPL
2017-02-26 17:32:09,244 [8] INFO   CallPutORMService - AddMany AAPL
2017-02-26 17:32:09,245 [8] INFO   CallPutORMService - AddMany AAPL
2017-02-26 17:32:09,245 [8] INFO   CallPutORMService - AddMany AAPL
2017-02-26 17:32:09,246 [8] INFO   CallPutORMService - AddMany AAPL
2017-02-26 17:32:09,246 [8] INFO   CallPutORMService - AddMany AAPL
2017-02-26 17:32:09,246 [8] INFO   CallPutORMService - AddMany AAPL
2017-02-26 17:32:09,247 [8] INFO   CallPutORMService - AddMany AAPL
2017-02-26 17:32:09,247 [8] INFO   CallPutORMService - AddMany AAPL
2017-02-26 17:32:09,248 [8] INFO   CallPutORMService - AddMany AAPL
2017-02-26 17:32:09,248 [8] INFO   CallPutORMService - AddMany AAPL
2017-02-26 17:32:09,248 [8] INFO   CallPutORMService - AddMany AAPL
2017-02-26 17:32:09,249 [8] INFO   CallPutORMService - AddMany AAPL
2017-02-26 17:32:09,250 [8] INFO   CallPutORMService - AddMany AAPL
2017-02-26 17:32:09,251 [8] INFO   CallPutORMService - AddMany AAPL
2017-02-26 17:32:09,251 [8] INFO   CallPutORMService - AddMany AAPL
2017-02-26 17:32:09,251 [8] INFO   CallPutORMService - AddMany AAPL
2017-02-26 17:32:09,252 [8] INFO   CallPutORMService - AddMany AAPL
2017-02-26 17:32:09,252 [8] INFO   CallPutORMService - AddMany AAPL
2017-02-26 17:32:09,253 [8] INFO   CallPutORMService - AddMany AAPL
2017-02-26 17:32:09,253 [8] INFO   CallPutORMService - AddMany AAPL
2017-02-26 17:32:09,254 [8] INFO   CallPutORMService - AddMany AAPL
2017-02-26 17:32:09,254 [8] INFO   CallPutORMService - AddMany AAPL
2017-02-26 17:32:09,254 [8] INFO   CallPutORMService - AddMany AAPL
2017-02-26 17:32:09,255 [8] INFO   CallPutORMService - AddMany AAPL
2017-02-26 17:32:09,256 [8] INFO   CallPutORMService - AddMany AAPL
2017-02-26 17:32:09,256 [8] INFO   CallPutORMService - AddMany AAPL
2017-02-26 17:32:09,256 [8] INFO   CallPutORMService - AddMany AAPL
2017-02-26 17:32:09,257 [8] INFO   CallPutORMService - AddMany AAPL
2017-02-26 17:32:09,257 [8] INFO   CallPutORMService - AddMany AAPL
2017-02-26 17:32:09,258 [8] INFO   CallPutORMService - AddMany AAPL
2017-02-26 17:32:09,258 [8] INFO   CallPutORMService - AddMany AAPL
2017-02-26 17:32:09,263 [8] INFO   CallPutORMService - AddMany AAPL
2017-02-26 17:32:09,263 [8] INFO   CallPutORMService - AddMany AAPL
2017-02-26 17:32:09,264 [8] INFO   CallPutORMService - AddMany AAPL
2017-02-26 17:32:09,264 [8] INFO   CallPutORMService - AddMany AAPL
2017-02-26 17:32:09,264 [8] INFO   CallPutORMService - AddMany AAPL
2017-02-26 17:32:09,266 [8] INFO   CallPutORMService - AddMany AAPL
2017-02-26 17:32:09,267 [8] INFO   CallPutORMService - AddMany AAPL
2017-02-26 17:32:09,267 [8] INFO   CallPutORMService - AddMany AAPL
2017-02-26 17:32:09,268 [8] INFO   CallPutORMService - AddMany AAPL
2017-02-26 17:32:09,270 [8] INFO   CallPutORMService - AddMany AAPL
2017-02-26 17:32:09,270 [8] INFO   CallPutORMService - AddMany AAPL
2017-02-26 17:32:09,271 [8] INFO   CallPutORMService - AddMany AAPL
2017-02-26 17:32:09,272 [8] INFO   CallPutORMService - AddMany AAPL
2017-02-26 17:32:09,272 [8] INFO   CallPutORMService - AddMany AAPL
2017-02-26 17:32:09,273 [8] INFO   CallPutORMService - AddMany AAPL
2017-02-26 17:32:09,273 [8] INFO   CallPutORMService - AddMany AAPL
2017-02-26 17:32:09,274 [8] INFO   CallPutORMService - AddMany AAPL
2017-02-26 17:32:09,274 [8] INFO   CallPutORMService - AddMany AAPL
2017-02-26 17:32:09,275 [8] INFO   CallPutORMService - AddMany AAPL
2017-02-26 17:32:09,275 [8] INFO   CallPutORMService - AddMany AAPL
2017-02-26 17:32:09,276 [8] INFO   CallPutORMService - AddMany AAPL
2017-02-26 17:32:09,276 [8] INFO   CallPutORMService - AddMany AAPL
2017-02-26 17:32:09,277 [8] INFO   CallPutORMService - AddMany AAPL
2017-02-26 17:32:09,278 [8] INFO   CallPutORMService - AddMany AAPL
2017-02-26 17:32:09,278 [8] INFO   CallPutORMService - AddMany AAPL
2017-02-26 17:32:09,279 [8] INFO   CallPutORMService - AddMany AAPL
2017-02-26 17:32:09,279 [8] INFO   CallPutORMService - AddMany AAPL
2017-02-26 17:32:09,280 [8] INFO   CallPutORMService - AddMany AAPL
2017-02-26 17:32:09,280 [8] INFO   CallPutORMService - AddMany AAPL
2017-02-26 17:32:09,281 [8] INFO   CallPutORMService - AddMany AAPL
2017-02-26 17:32:09,281 [8] INFO   CallPutORMService - AddMany AAPL
2017-02-26 17:32:09,283 [8] INFO   CallPutORMService - AddMany AAPL
2017-02-26 17:32:09,284 [8] INFO   CallPutORMService - AddMany AAPL
2017-02-26 17:32:09,284 [8] INFO   CallPutORMService - AddMany AAPL
2017-02-26 17:32:09,285 [8] INFO   CallPutORMService - AddMany AAPL
2017-02-26 17:32:09,285 [8] INFO   CallPutORMService - AddMany AAPL
2017-02-26 17:32:09,287 [8] INFO   CallPutORMService - AddMany AAPL
2017-02-26 17:32:09,288 [8] INFO   CallPutORMService - AddMany AAPL
2017-02-26 17:32:09,289 [8] INFO   CallPutORMService - AddMany AAPL
2017-02-26 17:32:09,289 [8] INFO   CallPutORMService - AddMany AAPL
2017-02-26 17:32:09,290 [8] INFO   CallPutORMService - AddMany AAPL
2017-02-26 17:32:09,291 [8] INFO   CallPutORMService - AddMany AAPL
2017-02-26 17:32:09,292 [8] INFO   CallPutORMService - AddMany AAPL
2017-02-26 17:32:09,292 [8] INFO   CallPutORMService - AddMany AAPL
2017-02-26 17:32:09,293 [8] INFO   CallPutORMService - AddMany AAPL
2017-02-26 17:32:09,293 [8] INFO   CallPutORMService - AddMany AAPL
2017-02-26 17:32:09,294 [8] INFO   CallPutORMService - AddMany AAPL
2017-02-26 17:32:09,294 [8] INFO   CallPutORMService - AddMany AAPL
2017-02-26 17:32:09,295 [8] INFO   CallPutORMService - AddMany AAPL
2017-02-26 17:32:09,296 [8] INFO   CallPutORMService - AddMany AAPL
2017-02-26 17:32:09,296 [8] INFO   CallPutORMService - AddMany AAPL
2017-02-26 17:32:09,297 [8] INFO   CallPutORMService - AddMany AAPL
2017-02-26 17:32:09,297 [8] INFO   CallPutORMService - AddMany AAPL
2017-02-26 17:32:09,298 [8] INFO   CallPutORMService - AddMany AAPL
2017-02-26 17:32:09,298 [8] INFO   CallPutORMService - AddMany AAPL
2017-02-26 17:32:09,299 [8] INFO   CallPutORMService - AddMany AAPL
2017-02-26 17:32:09,299 [8] INFO   CallPutORMService - AddMany AAPL
2017-02-26 17:32:09,300 [8] INFO   CallPutORMService - AddMany AAPL
2017-02-26 17:32:09,300 [8] INFO   CallPutORMService - AddMany AAPL
2017-02-26 17:32:09,301 [8] INFO   CallPutORMService - AddMany AAPL
2017-02-26 17:32:09,301 [8] INFO   CallPutORMService - AddMany AAPL
2017-02-26 17:32:09,301 [8] INFO   CallPutORMService - AddMany AAPL
2017-02-26 17:32:09,302 [8] INFO   CallPutORMService - AddMany AAPL
2017-02-26 17:32:09,302 [8] INFO   CallPutORMService - AddMany AAPL
2017-02-26 17:32:09,303 [8] INFO   CallPutORMService - AddMany AAPL
2017-02-26 17:32:09,303 [8] INFO   CallPutORMService - AddMany AAPL
2017-02-26 17:32:09,304 [8] INFO   CallPutORMService - AddMany Saving Changes
2017-02-26 17:32:10,453 [8] INFO   Get AAPL page for expiration date 1490313600
2017-02-26 17:32:10,697 [8] INFO   Page captured
2017-02-26 17:32:10,697 [8] INFO   Deserialize AAPL
2017-02-26 17:32:10,700 [8] INFO   AAPL deserialized
2017-02-26 17:32:10,701 [8] INFO   CallPutORMService - AddMany AAPL
2017-02-26 17:32:10,704 [8] INFO   CallPutORMService - AddMany AAPL
2017-02-26 17:32:10,705 [8] INFO   CallPutORMService - AddMany AAPL
2017-02-26 17:32:10,705 [8] INFO   CallPutORMService - AddMany AAPL
2017-02-26 17:32:10,706 [8] INFO   CallPutORMService - AddMany AAPL
2017-02-26 17:32:10,706 [8] INFO   CallPutORMService - AddMany AAPL
2017-02-26 17:32:10,707 [8] INFO   CallPutORMService - AddMany AAPL
2017-02-26 17:32:10,707 [8] INFO   CallPutORMService - AddMany AAPL
2017-02-26 17:32:10,708 [8] INFO   CallPutORMService - AddMany AAPL
2017-02-26 17:32:10,708 [8] INFO   CallPutORMService - AddMany AAPL
2017-02-26 17:32:10,709 [8] INFO   CallPutORMService - AddMany AAPL
2017-02-26 17:32:10,709 [8] INFO   CallPutORMService - AddMany AAPL
2017-02-26 17:32:10,710 [8] INFO   CallPutORMService - AddMany AAPL
2017-02-26 17:32:10,710 [8] INFO   CallPutORMService - AddMany AAPL
2017-02-26 17:32:10,711 [8] INFO   CallPutORMService - AddMany AAPL
2017-02-26 17:32:10,711 [8] INFO   CallPutORMService - AddMany AAPL
2017-02-26 17:32:10,711 [8] INFO   CallPutORMService - AddMany AAPL
2017-02-26 17:32:10,712 [8] INFO   CallPutORMService - AddMany AAPL
2017-02-26 17:32:10,712 [8] INFO   CallPutORMService - AddMany AAPL
2017-02-26 17:32:10,713 [8] INFO   CallPutORMService - AddMany AAPL
2017-02-26 17:32:10,713 [8] INFO   CallPutORMService - AddMany AAPL
2017-02-26 17:32:10,714 [8] INFO   CallPutORMService - AddMany AAPL
2017-02-26 17:32:10,714 [8] INFO   CallPutORMService - AddMany AAPL
2017-02-26 17:32:10,714 [8] INFO   CallPutORMService - AddMany AAPL
2017-02-26 17:32:10,715 [8] INFO   CallPutORMService - AddMany AAPL
2017-02-26 17:32:10,715 [8] INFO   CallPutORMService - AddMany AAPL
2017-02-26 17:32:10,716 [8] INFO   CallPutORMService - AddMany AAPL
2017-02-26 17:32:10,716 [8] INFO   CallPutORMService - AddMany AAPL
2017-02-26 17:32:10,717 [8] INFO   CallPutORMService - AddMany AAPL
2017-02-26 17:32:10,717 [8] INFO   CallPutORMService - AddMany AAPL
2017-02-26 17:32:10,717 [8] INFO   CallPutORMService - AddMany AAPL
2017-02-26 17:32:10,718 [8] INFO   CallPutORMService - AddMany AAPL
2017-02-26 17:32:10,718 [8] INFO   CallPutORMService - AddMany AAPL
2017-02-26 17:32:10,719 [8] INFO   CallPutORMService - AddMany AAPL
2017-02-26 17:32:10,719 [8] INFO   CallPutORMService - AddMany AAPL
2017-02-26 17:32:10,719 [8] INFO   CallPutORMService - AddMany AAPL
2017-02-26 17:32:10,720 [8] INFO   CallPutORMService - AddMany AAPL
2017-02-26 17:32:10,720 [8] INFO   CallPutORMService - AddMany AAPL
2017-02-26 17:32:10,721 [8] INFO   CallPutORMService - AddMany AAPL
2017-02-26 17:32:10,721 [8] INFO   CallPutORMService - AddMany AAPL
2017-02-26 17:32:10,721 [8] INFO   CallPutORMService - AddMany AAPL
2017-02-26 17:32:10,722 [8] INFO   CallPutORMService - AddMany AAPL
2017-02-26 17:32:10,722 [8] INFO   CallPutORMService - AddMany AAPL
2017-02-26 17:32:10,723 [8] INFO   CallPutORMService - AddMany AAPL
2017-02-26 17:32:10,723 [8] INFO   CallPutORMService - AddMany AAPL
2017-02-26 17:32:10,724 [8] INFO   CallPutORMService - AddMany AAPL
2017-02-26 17:32:10,725 [8] INFO   CallPutORMService - AddMany AAPL
2017-02-26 17:32:10,725 [8] INFO   CallPutORMService - AddMany AAPL
2017-02-26 17:32:10,725 [8] INFO   CallPutORMService - AddMany AAPL
2017-02-26 17:32:10,726 [8] INFO   CallPutORMService - AddMany AAPL
2017-02-26 17:32:10,726 [8] INFO   CallPutORMService - AddMany AAPL
2017-02-26 17:32:10,727 [8] INFO   CallPutORMService - AddMany AAPL
2017-02-26 17:32:10,727 [8] INFO   CallPutORMService - AddMany AAPL
2017-02-26 17:32:10,727 [8] INFO   CallPutORMService - AddMany AAPL
2017-02-26 17:32:10,728 [8] INFO   CallPutORMService - AddMany AAPL
2017-02-26 17:32:10,728 [8] INFO   CallPutORMService - AddMany AAPL
2017-02-26 17:32:10,729 [8] INFO   CallPutORMService - AddMany AAPL
2017-02-26 17:32:10,729 [8] INFO   CallPutORMService - AddMany AAPL
2017-02-26 17:32:10,729 [8] INFO   CallPutORMService - AddMany AAPL
2017-02-26 17:32:10,730 [8] INFO   CallPutORMService - AddMany AAPL
2017-02-26 17:32:10,730 [8] INFO   CallPutORMService - AddMany AAPL
2017-02-26 17:32:10,731 [8] INFO   CallPutORMService - AddMany AAPL
2017-02-26 17:32:10,731 [8] INFO   CallPutORMService - AddMany AAPL
2017-02-26 17:32:10,731 [8] INFO   CallPutORMService - AddMany AAPL
2017-02-26 17:32:10,732 [8] INFO   CallPutORMService - AddMany AAPL
2017-02-26 17:32:10,732 [8] INFO   CallPutORMService - AddMany Saving Changes
2017-02-26 17:32:11,471 [8] INFO   Get AAPL page for expiration date 1490918400
2017-02-26 17:32:11,570 [8] INFO   Page captured
2017-02-26 17:32:11,571 [8] INFO   Deserialize AAPL
2017-02-26 17:32:11,573 [8] INFO   AAPL deserialized
2017-02-26 17:32:11,573 [8] INFO   CallPutORMService - AddMany AAPL
2017-02-26 17:32:11,574 [8] INFO   CallPutORMService - AddMany AAPL
2017-02-26 17:32:11,574 [8] INFO   CallPutORMService - AddMany AAPL
2017-02-26 17:32:11,575 [8] INFO   CallPutORMService - AddMany AAPL
2017-02-26 17:32:11,575 [8] INFO   CallPutORMService - AddMany AAPL
2017-02-26 17:32:11,576 [8] INFO   CallPutORMService - AddMany AAPL
2017-02-26 17:32:11,576 [8] INFO   CallPutORMService - AddMany AAPL
2017-02-26 17:32:11,576 [8] INFO   CallPutORMService - AddMany AAPL
2017-02-26 17:32:11,577 [8] INFO   CallPutORMService - AddMany AAPL
2017-02-26 17:32:11,577 [8] INFO   CallPutORMService - AddMany AAPL
2017-02-26 17:32:11,578 [8] INFO   CallPutORMService - AddMany AAPL
2017-02-26 17:32:11,578 [8] INFO   CallPutORMService - AddMany AAPL
2017-02-26 17:32:11,579 [8] INFO   CallPutORMService - AddMany AAPL
2017-02-26 17:32:11,579 [8] INFO   CallPutORMService - AddMany AAPL
2017-02-26 17:32:11,580 [8] INFO   CallPutORMService - AddMany AAPL
2017-02-26 17:32:11,580 [8] INFO   CallPutORMService - AddMany AAPL
2017-02-26 17:32:11,581 [8] INFO   CallPutORMService - AddMany AAPL
2017-02-26 17:32:11,581 [8] INFO   CallPutORMService - AddMany AAPL
2017-02-26 17:32:11,581 [8] INFO   CallPutORMService - AddMany AAPL
2017-02-26 17:32:11,582 [8] INFO   CallPutORMService - AddMany AAPL
2017-02-26 17:32:11,582 [8] INFO   CallPutORMService - AddMany AAPL
2017-02-26 17:32:11,583 [8] INFO   CallPutORMService - AddMany AAPL
2017-02-26 17:32:11,583 [8] INFO   CallPutORMService - AddMany AAPL
2017-02-26 17:32:11,583 [8] INFO   CallPutORMService - AddMany AAPL
2017-02-26 17:32:11,584 [8] INFO   CallPutORMService - AddMany AAPL
2017-02-26 17:32:11,584 [8] INFO   CallPutORMService - AddMany AAPL
2017-02-26 17:32:11,585 [8] INFO   CallPutORMService - AddMany AAPL
2017-02-26 17:32:11,585 [8] INFO   CallPutORMService - AddMany AAPL
2017-02-26 17:32:11,585 [8] INFO   CallPutORMService - AddMany AAPL
2017-02-26 17:32:11,586 [8] INFO   CallPutORMService - AddMany AAPL
2017-02-26 17:32:11,586 [8] INFO   CallPutORMService - AddMany AAPL
2017-02-26 17:32:11,587 [8] INFO   CallPutORMService - AddMany AAPL
2017-02-26 17:32:11,587 [8] INFO   CallPutORMService - AddMany AAPL
2017-02-26 17:32:11,588 [8] INFO   CallPutORMService - AddMany AAPL
2017-02-26 17:32:11,589 [8] INFO   CallPutORMService - AddMany AAPL
2017-02-26 17:32:11,589 [8] INFO   CallPutORMService - AddMany AAPL
2017-02-26 17:32:11,589 [8] INFO   CallPutORMService - AddMany AAPL
2017-02-26 17:32:11,590 [8] INFO   CallPutORMService - AddMany AAPL
2017-02-26 17:32:11,590 [8] INFO   CallPutORMService - AddMany AAPL
2017-02-26 17:32:11,591 [8] INFO   CallPutORMService - AddMany AAPL
2017-02-26 17:32:11,591 [8] INFO   CallPutORMService - AddMany AAPL
2017-02-26 17:32:11,591 [8] INFO   CallPutORMService - AddMany AAPL
2017-02-26 17:32:11,592 [8] INFO   CallPutORMService - AddMany AAPL
2017-02-26 17:32:11,592 [8] INFO   CallPutORMService - AddMany AAPL
2017-02-26 17:32:11,593 [8] INFO   CallPutORMService - AddMany AAPL
2017-02-26 17:32:11,593 [8] INFO   CallPutORMService - AddMany AAPL
2017-02-26 17:32:11,593 [8] INFO   CallPutORMService - AddMany AAPL
2017-02-26 17:32:11,595 [8] INFO   CallPutORMService - AddMany AAPL
2017-02-26 17:32:11,595 [8] INFO   CallPutORMService - AddMany AAPL
2017-02-26 17:32:11,596 [8] INFO   CallPutORMService - AddMany AAPL
2017-02-26 17:32:11,596 [8] INFO   CallPutORMService - AddMany AAPL
2017-02-26 17:32:11,596 [8] INFO   CallPutORMService - AddMany AAPL
2017-02-26 17:32:11,597 [8] INFO   CallPutORMService - AddMany Saving Changes
2017-02-26 17:32:12,037 [8] INFO   Get AAPL page for expiration date 1491523200
2017-02-26 17:32:12,111 [8] INFO   Page captured
2017-02-26 17:32:12,111 [8] INFO   Deserialize AAPL
2017-02-26 17:32:12,113 [8] INFO   AAPL deserialized
2017-02-26 17:32:12,114 [8] INFO   CallPutORMService - AddMany AAPL
2017-02-26 17:32:12,114 [8] INFO   CallPutORMService - AddMany AAPL
2017-02-26 17:32:12,115 [8] INFO   CallPutORMService - AddMany AAPL
2017-02-26 17:32:12,115 [8] INFO   CallPutORMService - AddMany AAPL
2017-02-26 17:32:12,115 [8] INFO   CallPutORMService - AddMany AAPL
2017-02-26 17:32:12,116 [8] INFO   CallPutORMService - AddMany AAPL
2017-02-26 17:32:12,116 [8] INFO   CallPutORMService - AddMany AAPL
2017-02-26 17:32:12,117 [8] INFO   CallPutORMService - AddMany AAPL
2017-02-26 17:32:12,117 [8] INFO   CallPutORMService - AddMany AAPL
2017-02-26 17:32:12,117 [8] INFO   CallPutORMService - AddMany AAPL
2017-02-26 17:32:12,118 [8] INFO   CallPutORMService - AddMany AAPL
2017-02-26 17:32:12,118 [8] INFO   CallPutORMService - AddMany AAPL
2017-02-26 17:32:12,119 [8] INFO   CallPutORMService - AddMany AAPL
2017-02-26 17:32:12,119 [8] INFO   CallPutORMService - AddMany AAPL
2017-02-26 17:32:12,119 [8] INFO   CallPutORMService - AddMany AAPL
2017-02-26 17:32:12,120 [8] INFO   CallPutORMService - AddMany AAPL
2017-02-26 17:32:12,121 [8] INFO   CallPutORMService - AddMany AAPL
2017-02-26 17:32:12,121 [8] INFO   CallPutORMService - AddMany AAPL
2017-02-26 17:32:12,121 [8] INFO   CallPutORMService - AddMany AAPL
2017-02-26 17:32:12,122 [8] INFO   CallPutORMService - AddMany AAPL
2017-02-26 17:32:12,122 [8] INFO   CallPutORMService - AddMany AAPL
2017-02-26 17:32:12,123 [8] INFO   CallPutORMService - AddMany AAPL
2017-02-26 17:32:12,123 [8] INFO   CallPutORMService - AddMany AAPL
2017-02-26 17:32:12,123 [8] INFO   CallPutORMService - AddMany AAPL
2017-02-26 17:32:12,124 [8] INFO   CallPutORMService - AddMany AAPL
2017-02-26 17:32:12,124 [8] INFO   CallPutORMService - AddMany AAPL
2017-02-26 17:32:12,125 [8] INFO   CallPutORMService - AddMany AAPL
2017-02-26 17:32:12,125 [8] INFO   CallPutORMService - AddMany AAPL
2017-02-26 17:32:12,125 [8] INFO   CallPutORMService - AddMany AAPL
2017-02-26 17:32:12,126 [8] INFO   CallPutORMService - AddMany AAPL
2017-02-26 17:32:12,126 [8] INFO   CallPutORMService - AddMany AAPL
2017-02-26 17:32:12,127 [8] INFO   CallPutORMService - AddMany AAPL
2017-02-26 17:32:12,127 [8] INFO   CallPutORMService - AddMany AAPL
2017-02-26 17:32:12,127 [8] INFO   CallPutORMService - AddMany AAPL
2017-02-26 17:32:12,128 [8] INFO   CallPutORMService - AddMany AAPL
2017-02-26 17:32:12,128 [8] INFO   CallPutORMService - AddMany AAPL
2017-02-26 17:32:12,129 [8] INFO   CallPutORMService - AddMany AAPL
2017-02-26 17:32:12,130 [8] INFO   CallPutORMService - AddMany AAPL
2017-02-26 17:32:12,130 [8] INFO   CallPutORMService - AddMany AAPL
2017-02-26 17:32:12,130 [8] INFO   CallPutORMService - AddMany Saving Changes
2017-02-26 17:32:12,455 [8] INFO   Get AAPL page for expiration date 1492732800
2017-02-26 17:32:12,551 [8] INFO   Page captured
2017-02-26 17:32:12,552 [8] INFO   Deserialize AAPL
2017-02-26 17:32:12,555 [8] INFO   AAPL deserialized
2017-02-26 17:32:12,555 [8] INFO   CallPutORMService - AddMany AAPL
2017-02-26 17:32:12,556 [8] INFO   CallPutORMService - AddMany AAPL
2017-02-26 17:32:12,556 [8] INFO   CallPutORMService - AddMany AAPL
2017-02-26 17:32:12,557 [8] INFO   CallPutORMService - AddMany AAPL
2017-02-26 17:32:12,557 [8] INFO   CallPutORMService - AddMany AAPL
2017-02-26 17:32:12,558 [8] INFO   CallPutORMService - AddMany AAPL
2017-02-26 17:32:12,558 [8] INFO   CallPutORMService - AddMany AAPL
2017-02-26 17:32:12,559 [8] INFO   CallPutORMService - AddMany AAPL
2017-02-26 17:32:12,559 [8] INFO   CallPutORMService - AddMany AAPL
2017-02-26 17:32:12,560 [8] INFO   CallPutORMService - AddMany AAPL
2017-02-26 17:32:12,560 [8] INFO   CallPutORMService - AddMany AAPL
2017-02-26 17:32:12,561 [8] INFO   CallPutORMService - AddMany AAPL
2017-02-26 17:32:12,561 [8] INFO   CallPutORMService - AddMany AAPL
2017-02-26 17:32:12,562 [8] INFO   CallPutORMService - AddMany AAPL
2017-02-26 17:32:12,562 [8] INFO   CallPutORMService - AddMany AAPL
2017-02-26 17:32:12,563 [8] INFO   CallPutORMService - AddMany AAPL
2017-02-26 17:32:12,563 [8] INFO   CallPutORMService - AddMany AAPL
2017-02-26 17:32:12,563 [8] INFO   CallPutORMService - AddMany AAPL
2017-02-26 17:32:12,564 [8] INFO   CallPutORMService - AddMany AAPL
2017-02-26 17:32:12,564 [8] INFO   CallPutORMService - AddMany AAPL
2017-02-26 17:32:12,564 [8] INFO   CallPutORMService - AddMany AAPL
2017-02-26 17:32:12,565 [8] INFO   CallPutORMService - AddMany AAPL
2017-02-26 17:32:12,565 [8] INFO   CallPutORMService - AddMany AAPL
2017-02-26 17:32:12,565 [8] INFO   CallPutORMService - AddMany AAPL
2017-02-26 17:32:12,566 [8] INFO   CallPutORMService - AddMany AAPL
2017-02-26 17:32:12,566 [8] INFO   CallPutORMService - AddMany AAPL
2017-02-26 17:32:12,567 [8] INFO   CallPutORMService - AddMany AAPL
2017-02-26 17:32:12,567 [8] INFO   CallPutORMService - AddMany AAPL
2017-02-26 17:32:12,567 [8] INFO   CallPutORMService - AddMany AAPL
2017-02-26 17:32:12,567 [8] INFO   CallPutORMService - AddMany AAPL
2017-02-26 17:32:12,569 [8] INFO   CallPutORMService - AddMany AAPL
2017-02-26 17:32:12,570 [8] INFO   CallPutORMService - AddMany AAPL
2017-02-26 17:32:12,570 [8] INFO   CallPutORMService - AddMany AAPL
2017-02-26 17:32:12,571 [8] INFO   CallPutORMService - AddMany AAPL
2017-02-26 17:32:12,571 [8] INFO   CallPutORMService - AddMany AAPL
2017-02-26 17:32:12,571 [8] INFO   CallPutORMService - AddMany AAPL
2017-02-26 17:32:12,572 [8] INFO   CallPutORMService - AddMany AAPL
2017-02-26 17:32:12,572 [8] INFO   CallPutORMService - AddMany AAPL
2017-02-26 17:32:12,573 [8] INFO   CallPutORMService - AddMany AAPL
2017-02-26 17:32:12,573 [8] INFO   CallPutORMService - AddMany AAPL
2017-02-26 17:32:12,573 [8] INFO   CallPutORMService - AddMany AAPL
2017-02-26 17:32:12,574 [8] INFO   CallPutORMService - AddMany AAPL
2017-02-26 17:32:12,574 [8] INFO   CallPutORMService - AddMany AAPL
2017-02-26 17:32:12,575 [8] INFO   CallPutORMService - AddMany AAPL
2017-02-26 17:32:12,575 [8] INFO   CallPutORMService - AddMany AAPL
2017-02-26 17:32:12,576 [8] INFO   CallPutORMService - AddMany AAPL
2017-02-26 17:32:12,576 [8] INFO   CallPutORMService - AddMany AAPL
2017-02-26 17:32:12,577 [8] INFO   CallPutORMService - AddMany AAPL
2017-02-26 17:32:12,577 [8] INFO   CallPutORMService - AddMany AAPL
2017-02-26 17:32:12,577 [8] INFO   CallPutORMService - AddMany AAPL
2017-02-26 17:32:12,579 [8] INFO   CallPutORMService - AddMany AAPL
2017-02-26 17:32:12,579 [8] INFO   CallPutORMService - AddMany AAPL
2017-02-26 17:32:12,580 [8] INFO   CallPutORMService - AddMany AAPL
2017-02-26 17:32:12,580 [8] INFO   CallPutORMService - AddMany AAPL
2017-02-26 17:32:12,580 [8] INFO   CallPutORMService - AddMany AAPL
2017-02-26 17:32:12,581 [8] INFO   CallPutORMService - AddMany AAPL
2017-02-26 17:32:12,581 [8] INFO   CallPutORMService - AddMany AAPL
2017-02-26 17:32:12,582 [8] INFO   CallPutORMService - AddMany AAPL
2017-02-26 17:32:12,582 [8] INFO   CallPutORMService - AddMany AAPL
2017-02-26 17:32:12,582 [8] INFO   CallPutORMService - AddMany AAPL
2017-02-26 17:32:12,583 [8] INFO   CallPutORMService - AddMany AAPL
2017-02-26 17:32:12,583 [8] INFO   CallPutORMService - AddMany AAPL
2017-02-26 17:32:12,584 [8] INFO   CallPutORMService - AddMany AAPL
2017-02-26 17:32:12,584 [8] INFO   CallPutORMService - AddMany AAPL
2017-02-26 17:32:12,585 [8] INFO   CallPutORMService - AddMany AAPL
2017-02-26 17:32:12,585 [8] INFO   CallPutORMService - AddMany AAPL
2017-02-26 17:32:12,586 [8] INFO   CallPutORMService - AddMany AAPL
2017-02-26 17:32:12,586 [8] INFO   CallPutORMService - AddMany AAPL
2017-02-26 17:32:12,587 [8] INFO   CallPutORMService - AddMany Saving Changes
2017-02-26 17:32:13,374 [8] INFO   Get AAPL page for expiration date 1495152000
2017-02-26 17:32:13,456 [8] INFO   Page captured
2017-02-26 17:32:13,457 [8] INFO   Deserialize AAPL
2017-02-26 17:32:13,459 [8] INFO   AAPL deserialized
2017-02-26 17:32:13,459 [8] INFO   CallPutORMService - AddMany AAPL
2017-02-26 17:32:13,460 [8] INFO   CallPutORMService - AddMany AAPL
2017-02-26 17:32:13,460 [8] INFO   CallPutORMService - AddMany AAPL
2017-02-26 17:32:13,461 [8] INFO   CallPutORMService - AddMany AAPL
2017-02-26 17:32:13,461 [8] INFO   CallPutORMService - AddMany AAPL
2017-02-26 17:32:13,462 [8] INFO   CallPutORMService - AddMany AAPL
2017-02-26 17:32:13,462 [8] INFO   CallPutORMService - AddMany AAPL
2017-02-26 17:32:13,463 [8] INFO   CallPutORMService - AddMany AAPL
2017-02-26 17:32:13,463 [8] INFO   CallPutORMService - AddMany AAPL
2017-02-26 17:32:13,463 [8] INFO   CallPutORMService - AddMany AAPL
2017-02-26 17:32:13,464 [8] INFO   CallPutORMService - AddMany AAPL
2017-02-26 17:32:13,464 [8] INFO   CallPutORMService - AddMany AAPL
2017-02-26 17:32:13,465 [8] INFO   CallPutORMService - AddMany AAPL
2017-02-26 17:32:13,465 [8] INFO   CallPutORMService - AddMany AAPL
2017-02-26 17:32:13,466 [8] INFO   CallPutORMService - AddMany AAPL
2017-02-26 17:32:13,466 [8] INFO   CallPutORMService - AddMany AAPL
2017-02-26 17:32:13,467 [8] INFO   CallPutORMService - AddMany AAPL
2017-02-26 17:32:13,467 [8] INFO   CallPutORMService - AddMany AAPL
2017-02-26 17:32:13,468 [8] INFO   CallPutORMService - AddMany AAPL
2017-02-26 17:32:13,468 [8] INFO   CallPutORMService - AddMany AAPL
2017-02-26 17:32:13,468 [8] INFO   CallPutORMService - AddMany AAPL
2017-02-26 17:32:13,469 [8] INFO   CallPutORMService - AddMany AAPL
2017-02-26 17:32:13,469 [8] INFO   CallPutORMService - AddMany AAPL
2017-02-26 17:32:13,469 [8] INFO   CallPutORMService - AddMany AAPL
2017-02-26 17:32:13,470 [8] INFO   CallPutORMService - AddMany AAPL
2017-02-26 17:32:13,470 [8] INFO   CallPutORMService - AddMany AAPL
2017-02-26 17:32:13,471 [8] INFO   CallPutORMService - AddMany AAPL
2017-02-26 17:32:13,471 [8] INFO   CallPutORMService - AddMany AAPL
2017-02-26 17:32:13,471 [8] INFO   CallPutORMService - AddMany AAPL
2017-02-26 17:32:13,472 [8] INFO   CallPutORMService - AddMany AAPL
2017-02-26 17:32:13,472 [8] INFO   CallPutORMService - AddMany AAPL
2017-02-26 17:32:13,473 [8] INFO   CallPutORMService - AddMany AAPL
2017-02-26 17:32:13,473 [8] INFO   CallPutORMService - AddMany AAPL
2017-02-26 17:32:13,474 [8] INFO   CallPutORMService - AddMany AAPL
2017-02-26 17:32:13,474 [8] INFO   CallPutORMService - AddMany AAPL
2017-02-26 17:32:13,475 [8] INFO   CallPutORMService - AddMany AAPL
2017-02-26 17:32:13,475 [8] INFO   CallPutORMService - AddMany AAPL
2017-02-26 17:32:13,476 [8] INFO   CallPutORMService - AddMany AAPL
2017-02-26 17:32:13,476 [8] INFO   CallPutORMService - AddMany AAPL
2017-02-26 17:32:13,477 [8] INFO   CallPutORMService - AddMany AAPL
2017-02-26 17:32:13,477 [8] INFO   CallPutORMService - AddMany AAPL
2017-02-26 17:32:13,477 [8] INFO   CallPutORMService - AddMany AAPL
2017-02-26 17:32:13,478 [8] INFO   CallPutORMService - AddMany AAPL
2017-02-26 17:32:13,478 [8] INFO   CallPutORMService - AddMany Saving Changes
2017-02-26 17:32:13,850 [8] INFO   Get AAPL page for expiration date 1497571200
2017-02-26 17:32:13,948 [8] INFO   Page captured
2017-02-26 17:32:13,948 [8] INFO   Deserialize AAPL
2017-02-26 17:32:13,951 [8] INFO   AAPL deserialized
2017-02-26 17:32:13,951 [8] INFO   CallPutORMService - AddMany AAPL
2017-02-26 17:32:13,952 [8] INFO   CallPutORMService - AddMany AAPL
2017-02-26 17:32:13,953 [8] INFO   CallPutORMService - AddMany AAPL
2017-02-26 17:32:13,953 [8] INFO   CallPutORMService - AddMany AAPL
2017-02-26 17:32:13,954 [8] INFO   CallPutORMService - AddMany AAPL
2017-02-26 17:32:13,954 [8] INFO   CallPutORMService - AddMany AAPL
2017-02-26 17:32:13,955 [8] INFO   CallPutORMService - AddMany AAPL
2017-02-26 17:32:13,955 [8] INFO   CallPutORMService - AddMany AAPL
2017-02-26 17:32:13,956 [8] INFO   CallPutORMService - AddMany AAPL
2017-02-26 17:32:13,956 [8] INFO   CallPutORMService - AddMany AAPL
2017-02-26 17:32:13,957 [8] INFO   CallPutORMService - AddMany AAPL
2017-02-26 17:32:13,957 [8] INFO   CallPutORMService - AddMany AAPL
2017-02-26 17:32:13,958 [8] INFO   CallPutORMService - AddMany AAPL
2017-02-26 17:32:13,958 [8] INFO   CallPutORMService - AddMany AAPL
2017-02-26 17:32:13,959 [8] INFO   CallPutORMService - AddMany AAPL
2017-02-26 17:32:13,959 [8] INFO   CallPutORMService - AddMany AAPL
2017-02-26 17:32:13,960 [8] INFO   CallPutORMService - AddMany AAPL
2017-02-26 17:32:13,960 [8] INFO   CallPutORMService - AddMany AAPL
2017-02-26 17:32:13,960 [8] INFO   CallPutORMService - AddMany AAPL
2017-02-26 17:32:13,961 [8] INFO   CallPutORMService - AddMany AAPL
2017-02-26 17:32:13,961 [8] INFO   CallPutORMService - AddMany AAPL
2017-02-26 17:32:13,962 [8] INFO   CallPutORMService - AddMany AAPL
2017-02-26 17:32:13,962 [8] INFO   CallPutORMService - AddMany AAPL
2017-02-26 17:32:13,962 [8] INFO   CallPutORMService - AddMany AAPL
2017-02-26 17:32:13,963 [8] INFO   CallPutORMService - AddMany AAPL
2017-02-26 17:32:13,963 [8] INFO   CallPutORMService - AddMany AAPL
2017-02-26 17:32:13,964 [8] INFO   CallPutORMService - AddMany AAPL
2017-02-26 17:32:13,964 [8] INFO   CallPutORMService - AddMany AAPL
2017-02-26 17:32:13,965 [8] INFO   CallPutORMService - AddMany AAPL
2017-02-26 17:32:13,965 [8] INFO   CallPutORMService - AddMany AAPL
2017-02-26 17:32:13,965 [8] INFO   CallPutORMService - AddMany AAPL
2017-02-26 17:32:13,966 [8] INFO   CallPutORMService - AddMany AAPL
2017-02-26 17:32:13,966 [8] INFO   CallPutORMService - AddMany AAPL
2017-02-26 17:32:13,967 [8] INFO   CallPutORMService - AddMany AAPL
2017-02-26 17:32:13,967 [8] INFO   CallPutORMService - AddMany AAPL
2017-02-26 17:32:13,968 [8] INFO   CallPutORMService - AddMany AAPL
2017-02-26 17:32:13,968 [8] INFO   CallPutORMService - AddMany AAPL
2017-02-26 17:32:13,969 [8] INFO   CallPutORMService - AddMany AAPL
2017-02-26 17:32:13,969 [8] INFO   CallPutORMService - AddMany AAPL
2017-02-26 17:32:13,969 [8] INFO   CallPutORMService - AddMany AAPL
2017-02-26 17:32:13,970 [8] INFO   CallPutORMService - AddMany AAPL
2017-02-26 17:32:13,970 [8] INFO   CallPutORMService - AddMany AAPL
2017-02-26 17:32:13,971 [8] INFO   CallPutORMService - AddMany AAPL
2017-02-26 17:32:13,971 [8] INFO   CallPutORMService - AddMany AAPL
2017-02-26 17:32:13,972 [8] INFO   CallPutORMService - AddMany AAPL
2017-02-26 17:32:13,972 [8] INFO   CallPutORMService - AddMany AAPL
2017-02-26 17:32:13,972 [8] INFO   CallPutORMService - AddMany AAPL
2017-02-26 17:32:13,973 [8] INFO   CallPutORMService - AddMany AAPL
2017-02-26 17:32:13,973 [8] INFO   CallPutORMService - AddMany AAPL
2017-02-26 17:32:13,974 [8] INFO   CallPutORMService - AddMany AAPL
2017-02-26 17:32:13,974 [8] INFO   CallPutORMService - AddMany AAPL
2017-02-26 17:32:13,974 [8] INFO   CallPutORMService - AddMany AAPL
2017-02-26 17:32:13,975 [8] INFO   CallPutORMService - AddMany AAPL
2017-02-26 17:32:13,975 [8] INFO   CallPutORMService - AddMany AAPL
2017-02-26 17:32:13,976 [8] INFO   CallPutORMService - AddMany AAPL
2017-02-26 17:32:13,977 [8] INFO   CallPutORMService - AddMany AAPL
2017-02-26 17:32:13,977 [8] INFO   CallPutORMService - AddMany AAPL
2017-02-26 17:32:13,977 [8] INFO   CallPutORMService - AddMany AAPL
2017-02-26 17:32:13,978 [8] INFO   CallPutORMService - AddMany AAPL
2017-02-26 17:32:13,978 [8] INFO   CallPutORMService - AddMany AAPL
2017-02-26 17:32:13,979 [8] INFO   CallPutORMService - AddMany AAPL
2017-02-26 17:32:13,979 [8] INFO   CallPutORMService - AddMany Saving Changes
2017-02-26 17:34:23,692 [9] INFO   
********************************************************************************
2017-02-26 17:34:23,716 [9] INFO   DIContainer initialized
2017-02-26 17:34:28,806 [9] INFO   Start timer...
2017-02-26 17:34:50,970 [9] INFO   RunOptionsCollection - GetSymbols
2017-02-26 17:34:56,312 [9] INFO   Start - RunOptionsCollection
2017-02-26 17:34:56,313 [9] INFO   Get AAPL page
2017-02-26 17:34:56,426 [9] INFO   Page captured
2017-02-26 17:34:56,427 [9] INFO   Deserialize AAPL
2017-02-26 17:34:56,595 [9] INFO   AAPL deserialized
2017-02-26 17:34:56,595 [9] INFO   Get AAPL page for expiration date 1488499200
2017-02-26 17:34:56,710 [9] INFO   Page captured
2017-02-26 17:34:56,711 [9] INFO   Deserialize AAPL
2017-02-26 17:34:56,737 [9] INFO   AAPL deserialized
2017-02-26 17:34:57,258 [9] INFO   CallPutORMService - AddMany AAPL
2017-02-26 17:34:57,261 [9] INFO   CallPutORMService - AddMany AAPL
2017-02-26 17:34:57,262 [9] INFO   CallPutORMService - AddMany AAPL
2017-02-26 17:34:57,262 [9] INFO   CallPutORMService - AddMany AAPL
2017-02-26 17:34:57,262 [9] INFO   CallPutORMService - AddMany AAPL
2017-02-26 17:34:57,263 [9] INFO   CallPutORMService - AddMany AAPL
2017-02-26 17:34:57,263 [9] INFO   CallPutORMService - AddMany AAPL
2017-02-26 17:34:57,264 [9] INFO   CallPutORMService - AddMany AAPL
2017-02-26 17:34:57,264 [9] INFO   CallPutORMService - AddMany AAPL
2017-02-26 17:34:57,265 [9] INFO   CallPutORMService - AddMany AAPL
2017-02-26 17:34:57,265 [9] INFO   CallPutORMService - AddMany AAPL
2017-02-26 17:34:57,265 [9] INFO   CallPutORMService - AddMany AAPL
2017-02-26 17:34:57,266 [9] INFO   CallPutORMService - AddMany AAPL
2017-02-26 17:34:57,266 [9] INFO   CallPutORMService - AddMany AAPL
2017-02-26 17:34:57,266 [9] INFO   CallPutORMService - AddMany AAPL
2017-02-26 17:34:57,267 [9] INFO   CallPutORMService - AddMany AAPL
2017-02-26 17:34:57,267 [9] INFO   CallPutORMService - AddMany AAPL
2017-02-26 17:34:57,268 [9] INFO   CallPutORMService - AddMany AAPL
2017-02-26 17:34:57,268 [9] INFO   CallPutORMService - AddMany AAPL
2017-02-26 17:34:57,268 [9] INFO   CallPutORMService - AddMany AAPL
2017-02-26 17:34:57,269 [9] INFO   CallPutORMService - AddMany AAPL
2017-02-26 17:34:57,269 [9] INFO   CallPutORMService - AddMany AAPL
2017-02-26 17:34:57,270 [9] INFO   CallPutORMService - AddMany AAPL
2017-02-26 17:34:57,270 [9] INFO   CallPutORMService - AddMany AAPL
2017-02-26 17:34:57,270 [9] INFO   CallPutORMService - AddMany AAPL
2017-02-26 17:34:57,271 [9] INFO   CallPutORMService - AddMany AAPL
2017-02-26 17:34:57,271 [9] INFO   CallPutORMService - AddMany AAPL
2017-02-26 17:34:57,271 [9] INFO   CallPutORMService - AddMany AAPL
2017-02-26 17:34:57,272 [9] INFO   CallPutORMService - AddMany AAPL
2017-02-26 17:34:57,272 [9] INFO   CallPutORMService - AddMany AAPL
2017-02-26 17:34:57,273 [9] INFO   CallPutORMService - AddMany AAPL
2017-02-26 17:34:57,273 [9] INFO   CallPutORMService - AddMany AAPL
2017-02-26 17:34:57,274 [9] INFO   CallPutORMService - AddMany AAPL
2017-02-26 17:34:57,274 [9] INFO   CallPutORMService - AddMany AAPL
2017-02-26 17:34:57,275 [9] INFO   CallPutORMService - AddMany AAPL
2017-02-26 17:34:57,275 [9] INFO   CallPutORMService - AddMany AAPL
2017-02-26 17:34:57,276 [9] INFO   CallPutORMService - AddMany AAPL
2017-02-26 17:34:57,276 [9] INFO   CallPutORMService - AddMany AAPL
2017-02-26 17:34:57,277 [9] INFO   CallPutORMService - AddMany AAPL
2017-02-26 17:34:57,277 [9] INFO   CallPutORMService - AddMany AAPL
2017-02-26 17:34:57,278 [9] INFO   CallPutORMService - AddMany AAPL
2017-02-26 17:34:57,278 [9] INFO   CallPutORMService - AddMany AAPL
2017-02-26 17:34:57,279 [9] INFO   CallPutORMService - AddMany AAPL
2017-02-26 17:34:57,280 [9] INFO   CallPutORMService - AddMany AAPL
2017-02-26 17:34:57,280 [9] INFO   CallPutORMService - AddMany AAPL
2017-02-26 17:34:57,281 [9] INFO   CallPutORMService - AddMany AAPL
2017-02-26 17:34:57,281 [9] INFO   CallPutORMService - AddMany AAPL
2017-02-26 17:34:57,282 [9] INFO   CallPutORMService - AddMany AAPL
2017-02-26 17:34:57,282 [9] INFO   CallPutORMService - AddMany AAPL
2017-02-26 17:34:57,283 [9] INFO   CallPutORMService - AddMany AAPL
2017-02-26 17:34:57,284 [9] INFO   CallPutORMService - AddMany AAPL
2017-02-26 17:34:57,285 [9] INFO   CallPutORMService - AddMany AAPL
2017-02-26 17:34:57,286 [9] INFO   CallPutORMService - AddMany AAPL
2017-02-26 17:34:57,286 [9] INFO   CallPutORMService - AddMany AAPL
2017-02-26 17:34:57,287 [9] INFO   CallPutORMService - AddMany AAPL
2017-02-26 17:34:57,287 [9] INFO   CallPutORMService - AddMany AAPL
2017-02-26 17:34:57,288 [9] INFO   CallPutORMService - AddMany AAPL
2017-02-26 17:34:57,288 [9] INFO   CallPutORMService - AddMany AAPL
2017-02-26 17:34:57,288 [9] INFO   CallPutORMService - AddMany AAPL
2017-02-26 17:34:57,289 [9] INFO   CallPutORMService - AddMany AAPL
2017-02-26 17:34:57,289 [9] INFO   CallPutORMService - AddMany AAPL
2017-02-26 17:34:57,290 [9] INFO   CallPutORMService - AddMany AAPL
2017-02-26 17:34:57,290 [9] INFO   CallPutORMService - AddMany AAPL
2017-02-26 17:34:57,290 [9] INFO   CallPutORMService - AddMany AAPL
2017-02-26 17:34:57,291 [9] INFO   CallPutORMService - AddMany AAPL
2017-02-26 17:34:57,291 [9] INFO   CallPutORMService - AddMany AAPL
2017-02-26 17:34:57,292 [9] INFO   CallPutORMService - AddMany AAPL
2017-02-26 17:34:57,292 [9] INFO   CallPutORMService - AddMany AAPL
2017-02-26 17:34:57,293 [9] INFO   CallPutORMService - AddMany AAPL
2017-02-26 17:34:57,293 [9] INFO   CallPutORMService - AddMany AAPL
2017-02-26 17:34:57,293 [9] INFO   CallPutORMService - AddMany AAPL
2017-02-26 17:34:57,294 [9] INFO   CallPutORMService - AddMany AAPL
2017-02-26 17:34:57,294 [9] INFO   CallPutORMService - AddMany AAPL
2017-02-26 17:34:57,295 [9] INFO   CallPutORMService - AddMany AAPL
2017-02-26 17:34:57,295 [9] INFO   CallPutORMService - AddMany AAPL
2017-02-26 17:34:57,296 [9] INFO   CallPutORMService - AddMany AAPL
2017-02-26 17:34:57,296 [9] INFO   CallPutORMService - AddMany AAPL
2017-02-26 17:34:57,297 [9] INFO   CallPutORMService - AddMany AAPL
2017-02-26 17:34:57,297 [9] INFO   CallPutORMService - AddMany AAPL
2017-02-26 17:34:57,297 [9] INFO   CallPutORMService - AddMany AAPL
2017-02-26 17:34:57,298 [9] INFO   CallPutORMService - AddMany AAPL
2017-02-26 17:34:57,299 [9] INFO   CallPutORMService - AddMany AAPL
2017-02-26 17:34:57,300 [9] INFO   CallPutORMService - AddMany AAPL
2017-02-26 17:34:57,300 [9] INFO   CallPutORMService - AddMany AAPL
2017-02-26 17:34:57,301 [9] INFO   CallPutORMService - AddMany AAPL
2017-02-26 17:34:57,301 [9] INFO   CallPutORMService - AddMany AAPL
2017-02-26 17:34:57,302 [9] INFO   CallPutORMService - AddMany AAPL
2017-02-26 17:34:57,303 [9] INFO   CallPutORMService - AddMany AAPL
2017-02-26 17:34:57,304 [9] INFO   CallPutORMService - AddMany AAPL
2017-02-26 17:34:57,305 [9] INFO   CallPutORMService - AddMany AAPL
2017-02-26 17:34:57,305 [9] INFO   CallPutORMService - AddMany AAPL
2017-02-26 17:34:57,306 [9] INFO   CallPutORMService - AddMany AAPL
2017-02-26 17:34:57,306 [9] INFO   CallPutORMService - AddMany AAPL
2017-02-26 17:34:57,307 [9] INFO   CallPutORMService - AddMany AAPL
2017-02-26 17:34:57,308 [9] INFO   CallPutORMService - AddMany AAPL
2017-02-26 17:34:57,308 [9] INFO   CallPutORMService - AddMany AAPL
2017-02-26 17:34:57,310 [9] INFO   CallPutORMService - AddMany AAPL
2017-02-26 17:34:57,311 [9] INFO   CallPutORMService - AddMany AAPL
2017-02-26 17:34:57,312 [9] INFO   CallPutORMService - AddMany AAPL
2017-02-26 17:34:57,312 [9] INFO   CallPutORMService - AddMany Saving Changes
2017-02-26 17:34:58,254 [9] INFO   Get AAPL page for expiration date 1489104000
2017-02-26 17:34:58,342 [9] INFO   Page captured
2017-02-26 17:34:58,343 [9] INFO   Deserialize AAPL
2017-02-26 17:34:58,346 [9] INFO   AAPL deserialized
2017-02-26 17:34:58,346 [9] INFO   CallPutORMService - AddMany AAPL
2017-02-26 17:34:58,347 [9] INFO   CallPutORMService - AddMany AAPL
2017-02-26 17:34:58,348 [9] INFO   CallPutORMService - AddMany AAPL
2017-02-26 17:34:58,348 [9] INFO   CallPutORMService - AddMany AAPL
2017-02-26 17:34:58,349 [9] INFO   CallPutORMService - AddMany AAPL
2017-02-26 17:34:58,349 [9] INFO   CallPutORMService - AddMany AAPL
2017-02-26 17:34:58,349 [9] INFO   CallPutORMService - AddMany AAPL
2017-02-26 17:34:58,350 [9] INFO   CallPutORMService - AddMany AAPL
2017-02-26 17:34:58,350 [9] INFO   CallPutORMService - AddMany AAPL
2017-02-26 17:34:58,351 [9] INFO   CallPutORMService - AddMany AAPL
2017-02-26 17:34:58,351 [9] INFO   CallPutORMService - AddMany AAPL
2017-02-26 17:34:58,352 [9] INFO   CallPutORMService - AddMany AAPL
2017-02-26 17:34:58,352 [9] INFO   CallPutORMService - AddMany AAPL
2017-02-26 17:34:58,353 [9] INFO   CallPutORMService - AddMany AAPL
2017-02-26 17:34:58,353 [9] INFO   CallPutORMService - AddMany AAPL
2017-02-26 17:34:58,353 [9] INFO   CallPutORMService - AddMany AAPL
2017-02-26 17:34:58,354 [9] INFO   CallPutORMService - AddMany AAPL
2017-02-26 17:34:58,354 [9] INFO   CallPutORMService - AddMany AAPL
2017-02-26 17:34:58,355 [9] INFO   CallPutORMService - AddMany AAPL
2017-02-26 17:34:58,355 [9] INFO   CallPutORMService - AddMany AAPL
2017-02-26 17:34:58,355 [9] INFO   CallPutORMService - AddMany AAPL
2017-02-26 17:34:58,356 [9] INFO   CallPutORMService - AddMany AAPL
2017-02-26 17:34:58,356 [9] INFO   CallPutORMService - AddMany AAPL
2017-02-26 17:34:58,357 [9] INFO   CallPutORMService - AddMany AAPL
2017-02-26 17:34:58,357 [9] INFO   CallPutORMService - AddMany AAPL
2017-02-26 17:34:58,357 [9] INFO   CallPutORMService - AddMany AAPL
2017-02-26 17:34:58,358 [9] INFO   CallPutORMService - AddMany AAPL
2017-02-26 17:34:58,358 [9] INFO   CallPutORMService - AddMany AAPL
2017-02-26 17:34:58,359 [9] INFO   CallPutORMService - AddMany AAPL
2017-02-26 17:34:58,359 [9] INFO   CallPutORMService - AddMany AAPL
2017-02-26 17:34:58,359 [9] INFO   CallPutORMService - AddMany AAPL
2017-02-26 17:34:58,360 [9] INFO   CallPutORMService - AddMany AAPL
2017-02-26 17:34:58,360 [9] INFO   CallPutORMService - AddMany AAPL
2017-02-26 17:34:58,361 [9] INFO   CallPutORMService - AddMany AAPL
2017-02-26 17:34:58,361 [9] INFO   CallPutORMService - AddMany AAPL
2017-02-26 17:34:58,361 [9] INFO   CallPutORMService - AddMany AAPL
2017-02-26 17:34:58,362 [9] INFO   CallPutORMService - AddMany AAPL
2017-02-26 17:34:58,362 [9] INFO   CallPutORMService - AddMany AAPL
2017-02-26 17:34:58,363 [9] INFO   CallPutORMService - AddMany AAPL
2017-02-26 17:34:58,363 [9] INFO   CallPutORMService - AddMany AAPL
2017-02-26 17:34:58,364 [9] INFO   CallPutORMService - AddMany AAPL
2017-02-26 17:34:58,364 [9] INFO   CallPutORMService - AddMany AAPL
2017-02-26 17:34:58,364 [9] INFO   CallPutORMService - AddMany AAPL
2017-02-26 17:34:58,365 [9] INFO   CallPutORMService - AddMany AAPL
2017-02-26 17:34:58,365 [9] INFO   CallPutORMService - AddMany AAPL
2017-02-26 17:34:58,366 [9] INFO   CallPutORMService - AddMany AAPL
2017-02-26 17:34:58,366 [9] INFO   CallPutORMService - AddMany AAPL
2017-02-26 17:34:58,366 [9] INFO   CallPutORMService - AddMany AAPL
2017-02-26 17:34:58,367 [9] INFO   CallPutORMService - AddMany AAPL
2017-02-26 17:34:58,367 [9] INFO   CallPutORMService - AddMany AAPL
2017-02-26 17:34:58,368 [9] INFO   CallPutORMService - AddMany AAPL
2017-02-26 17:34:58,368 [9] INFO   CallPutORMService - AddMany AAPL
2017-02-26 17:34:58,368 [9] INFO   CallPutORMService - AddMany AAPL
2017-02-26 17:34:58,369 [9] INFO   CallPutORMService - AddMany AAPL
2017-02-26 17:34:58,369 [9] INFO   CallPutORMService - AddMany AAPL
2017-02-26 17:34:58,370 [9] INFO   CallPutORMService - AddMany AAPL
2017-02-26 17:34:58,370 [9] INFO   CallPutORMService - AddMany AAPL
2017-02-26 17:34:58,370 [9] INFO   CallPutORMService - AddMany AAPL
2017-02-26 17:34:58,371 [9] INFO   CallPutORMService - AddMany AAPL
2017-02-26 17:34:58,371 [9] INFO   CallPutORMService - AddMany AAPL
2017-02-26 17:34:58,372 [9] INFO   CallPutORMService - AddMany AAPL
2017-02-26 17:34:58,372 [9] INFO   CallPutORMService - AddMany AAPL
2017-02-26 17:34:58,373 [9] INFO   CallPutORMService - AddMany AAPL
2017-02-26 17:34:58,373 [9] INFO   CallPutORMService - AddMany AAPL
2017-02-26 17:34:58,373 [9] INFO   CallPutORMService - AddMany AAPL
2017-02-26 17:34:58,374 [9] INFO   CallPutORMService - AddMany AAPL
2017-02-26 17:34:58,374 [9] INFO   CallPutORMService - AddMany AAPL
2017-02-26 17:34:58,375 [9] INFO   CallPutORMService - AddMany AAPL
2017-02-26 17:34:58,375 [9] INFO   CallPutORMService - AddMany AAPL
2017-02-26 17:34:58,376 [9] INFO   CallPutORMService - AddMany AAPL
2017-02-26 17:34:58,376 [9] INFO   CallPutORMService - AddMany AAPL
2017-02-26 17:34:58,376 [9] INFO   CallPutORMService - AddMany AAPL
2017-02-26 17:34:58,377 [9] INFO   CallPutORMService - AddMany AAPL
2017-02-26 17:34:58,377 [9] INFO   CallPutORMService - AddMany AAPL
2017-02-26 17:34:58,378 [9] INFO   CallPutORMService - AddMany AAPL
2017-02-26 17:34:58,378 [9] INFO   CallPutORMService - AddMany AAPL
2017-02-26 17:34:58,378 [9] INFO   CallPutORMService - AddMany AAPL
2017-02-26 17:34:58,379 [9] INFO   CallPutORMService - AddMany AAPL
2017-02-26 17:34:58,379 [9] INFO   CallPutORMService - AddMany AAPL
2017-02-26 17:34:58,380 [9] INFO   CallPutORMService - AddMany AAPL
2017-02-26 17:34:58,380 [9] INFO   CallPutORMService - AddMany AAPL
2017-02-26 17:34:58,381 [9] INFO   CallPutORMService - AddMany Saving Changes
2017-02-26 17:34:59,053 [9] INFO   Get AAPL page for expiration date 1489708800
2017-02-26 17:34:59,188 [9] INFO   Page captured
2017-02-26 17:34:59,189 [9] INFO   Deserialize AAPL
2017-02-26 17:34:59,192 [9] INFO   AAPL deserialized
2017-02-26 17:34:59,193 [9] INFO   CallPutORMService - AddMany AAPL
2017-02-26 17:34:59,194 [9] INFO   CallPutORMService - AddMany AAPL
2017-02-26 17:34:59,194 [9] INFO   CallPutORMService - AddMany AAPL
2017-02-26 17:34:59,195 [9] INFO   CallPutORMService - AddMany AAPL
2017-02-26 17:34:59,195 [9] INFO   CallPutORMService - AddMany AAPL
2017-02-26 17:34:59,195 [9] INFO   CallPutORMService - AddMany AAPL
2017-02-26 17:34:59,196 [9] INFO   CallPutORMService - AddMany AAPL
2017-02-26 17:34:59,196 [9] INFO   CallPutORMService - AddMany AAPL
2017-02-26 17:34:59,197 [9] INFO   CallPutORMService - AddMany AAPL
2017-02-26 17:34:59,197 [9] INFO   CallPutORMService - AddMany AAPL
2017-02-26 17:34:59,197 [9] INFO   CallPutORMService - AddMany AAPL
2017-02-26 17:34:59,198 [9] INFO   CallPutORMService - AddMany AAPL
2017-02-26 17:34:59,198 [9] INFO   CallPutORMService - AddMany AAPL
2017-02-26 17:34:59,198 [9] INFO   CallPutORMService - AddMany AAPL
2017-02-26 17:34:59,199 [9] INFO   CallPutORMService - AddMany AAPL
2017-02-26 17:34:59,199 [9] INFO   CallPutORMService - AddMany AAPL
2017-02-26 17:34:59,200 [9] INFO   CallPutORMService - AddMany AAPL
2017-02-26 17:34:59,200 [9] INFO   CallPutORMService - AddMany AAPL
2017-02-26 17:34:59,201 [9] INFO   CallPutORMService - AddMany AAPL
2017-02-26 17:34:59,201 [9] INFO   CallPutORMService - AddMany AAPL
2017-02-26 17:34:59,201 [9] INFO   CallPutORMService - AddMany AAPL
2017-02-26 17:34:59,202 [9] INFO   CallPutORMService - AddMany AAPL
2017-02-26 17:34:59,202 [9] INFO   CallPutORMService - AddMany AAPL
2017-02-26 17:34:59,203 [9] INFO   CallPutORMService - AddMany AAPL
2017-02-26 17:34:59,203 [9] INFO   CallPutORMService - AddMany AAPL
2017-02-26 17:34:59,203 [9] INFO   CallPutORMService - AddMany AAPL
2017-02-26 17:34:59,204 [9] INFO   CallPutORMService - AddMany AAPL
2017-02-26 17:34:59,204 [9] INFO   CallPutORMService - AddMany AAPL
2017-02-26 17:34:59,205 [9] INFO   CallPutORMService - AddMany AAPL
2017-02-26 17:34:59,205 [9] INFO   CallPutORMService - AddMany AAPL
2017-02-26 17:34:59,205 [9] INFO   CallPutORMService - AddMany AAPL
2017-02-26 17:34:59,206 [9] INFO   CallPutORMService - AddMany AAPL
2017-02-26 17:34:59,206 [9] INFO   CallPutORMService - AddMany AAPL
2017-02-26 17:34:59,207 [9] INFO   CallPutORMService - AddMany AAPL
2017-02-26 17:34:59,207 [9] INFO   CallPutORMService - AddMany AAPL
2017-02-26 17:34:59,207 [9] INFO   CallPutORMService - AddMany AAPL
2017-02-26 17:34:59,208 [9] INFO   CallPutORMService - AddMany AAPL
2017-02-26 17:34:59,208 [9] INFO   CallPutORMService - AddMany AAPL
2017-02-26 17:34:59,209 [9] INFO   CallPutORMService - AddMany AAPL
2017-02-26 17:34:59,209 [9] INFO   CallPutORMService - AddMany AAPL
2017-02-26 17:34:59,210 [9] INFO   CallPutORMService - AddMany AAPL
2017-02-26 17:34:59,210 [9] INFO   CallPutORMService - AddMany AAPL
2017-02-26 17:34:59,211 [9] INFO   CallPutORMService - AddMany AAPL
2017-02-26 17:34:59,211 [9] INFO   CallPutORMService - AddMany AAPL
2017-02-26 17:34:59,212 [9] INFO   CallPutORMService - AddMany AAPL
2017-02-26 17:34:59,212 [9] INFO   CallPutORMService - AddMany AAPL
2017-02-26 17:34:59,212 [9] INFO   CallPutORMService - AddMany AAPL
2017-02-26 17:34:59,213 [9] INFO   CallPutORMService - AddMany AAPL
2017-02-26 17:34:59,213 [9] INFO   CallPutORMService - AddMany AAPL
2017-02-26 17:34:59,214 [9] INFO   CallPutORMService - AddMany AAPL
2017-02-26 17:34:59,214 [9] INFO   CallPutORMService - AddMany AAPL
2017-02-26 17:34:59,214 [9] INFO   CallPutORMService - AddMany AAPL
2017-02-26 17:34:59,215 [9] INFO   CallPutORMService - AddMany AAPL
2017-02-26 17:34:59,215 [9] INFO   CallPutORMService - AddMany AAPL
2017-02-26 17:34:59,216 [9] INFO   CallPutORMService - AddMany AAPL
2017-02-26 17:34:59,216 [9] INFO   CallPutORMService - AddMany AAPL
2017-02-26 17:34:59,217 [9] INFO   CallPutORMService - AddMany AAPL
2017-02-26 17:34:59,218 [9] INFO   CallPutORMService - AddMany AAPL
2017-02-26 17:34:59,218 [9] INFO   CallPutORMService - AddMany AAPL
2017-02-26 17:34:59,218 [9] INFO   CallPutORMService - AddMany AAPL
2017-02-26 17:34:59,219 [9] INFO   CallPutORMService - AddMany AAPL
2017-02-26 17:34:59,219 [9] INFO   CallPutORMService - AddMany AAPL
2017-02-26 17:34:59,220 [9] INFO   CallPutORMService - AddMany AAPL
2017-02-26 17:34:59,220 [9] INFO   CallPutORMService - AddMany AAPL
2017-02-26 17:34:59,220 [9] INFO   CallPutORMService - AddMany AAPL
2017-02-26 17:34:59,221 [9] INFO   CallPutORMService - AddMany AAPL
2017-02-26 17:34:59,221 [9] INFO   CallPutORMService - AddMany AAPL
2017-02-26 17:34:59,222 [9] INFO   CallPutORMService - AddMany AAPL
2017-02-26 17:34:59,222 [9] INFO   CallPutORMService - AddMany AAPL
2017-02-26 17:34:59,223 [9] INFO   CallPutORMService - AddMany AAPL
2017-02-26 17:34:59,223 [9] INFO   CallPutORMService - AddMany AAPL
2017-02-26 17:34:59,223 [9] INFO   CallPutORMService - AddMany AAPL
2017-02-26 17:34:59,224 [9] INFO   CallPutORMService - AddMany AAPL
2017-02-26 17:34:59,224 [9] INFO   CallPutORMService - AddMany AAPL
2017-02-26 17:34:59,225 [9] INFO   CallPutORMService - AddMany AAPL
2017-02-26 17:34:59,225 [9] INFO   CallPutORMService - AddMany AAPL
2017-02-26 17:34:59,226 [9] INFO   CallPutORMService - AddMany AAPL
2017-02-26 17:34:59,226 [9] INFO   CallPutORMService - AddMany AAPL
2017-02-26 17:34:59,226 [9] INFO   CallPutORMService - AddMany AAPL
2017-02-26 17:34:59,227 [9] INFO   CallPutORMService - AddMany AAPL
2017-02-26 17:34:59,227 [9] INFO   CallPutORMService - AddMany AAPL
2017-02-26 17:34:59,228 [9] INFO   CallPutORMService - AddMany AAPL
2017-02-26 17:34:59,228 [9] INFO   CallPutORMService - AddMany AAPL
2017-02-26 17:34:59,229 [9] INFO   CallPutORMService - AddMany AAPL
2017-02-26 17:34:59,229 [9] INFO   CallPutORMService - AddMany AAPL
2017-02-26 17:34:59,229 [9] INFO   CallPutORMService - AddMany AAPL
2017-02-26 17:34:59,230 [9] INFO   CallPutORMService - AddMany AAPL
2017-02-26 17:34:59,230 [9] INFO   CallPutORMService - AddMany AAPL
2017-02-26 17:34:59,234 [9] INFO   CallPutORMService - AddMany AAPL
2017-02-26 17:34:59,235 [9] INFO   CallPutORMService - AddMany AAPL
2017-02-26 17:34:59,235 [9] INFO   CallPutORMService - AddMany AAPL
2017-02-26 17:34:59,236 [9] INFO   CallPutORMService - AddMany AAPL
2017-02-26 17:34:59,236 [9] INFO   CallPutORMService - AddMany AAPL
2017-02-26 17:34:59,237 [9] INFO   CallPutORMService - AddMany AAPL
2017-02-26 17:34:59,237 [9] INFO   CallPutORMService - AddMany AAPL
2017-02-26 17:34:59,238 [9] INFO   CallPutORMService - AddMany AAPL
2017-02-26 17:34:59,238 [9] INFO   CallPutORMService - AddMany AAPL
2017-02-26 17:34:59,239 [9] INFO   CallPutORMService - AddMany AAPL
2017-02-26 17:34:59,239 [9] INFO   CallPutORMService - AddMany AAPL
2017-02-26 17:34:59,240 [9] INFO   CallPutORMService - AddMany AAPL
2017-02-26 17:34:59,240 [9] INFO   CallPutORMService - AddMany AAPL
2017-02-26 17:34:59,241 [9] INFO   CallPutORMService - AddMany AAPL
2017-02-26 17:34:59,241 [9] INFO   CallPutORMService - AddMany AAPL
2017-02-26 17:34:59,241 [9] INFO   CallPutORMService - AddMany AAPL
2017-02-26 17:34:59,242 [9] INFO   CallPutORMService - AddMany AAPL
2017-02-26 17:34:59,242 [9] INFO   CallPutORMService - AddMany AAPL
2017-02-26 17:34:59,243 [9] INFO   CallPutORMService - AddMany AAPL
2017-02-26 17:34:59,243 [9] INFO   CallPutORMService - AddMany AAPL
2017-02-26 17:34:59,244 [9] INFO   CallPutORMService - AddMany AAPL
2017-02-26 17:34:59,244 [9] INFO   CallPutORMService - AddMany AAPL
2017-02-26 17:34:59,245 [9] INFO   CallPutORMService - AddMany AAPL
2017-02-26 17:34:59,245 [9] INFO   CallPutORMService - AddMany AAPL
2017-02-26 17:34:59,245 [9] INFO   CallPutORMService - AddMany AAPL
2017-02-26 17:34:59,246 [9] INFO   CallPutORMService - AddMany Saving Changes
2017-02-26 17:35:00,470 [9] INFO   Get AAPL page for expiration date 1490313600
2017-02-26 17:35:00,584 [9] INFO   Page captured
2017-02-26 17:35:00,585 [9] INFO   Deserialize AAPL
2017-02-26 17:35:00,587 [9] INFO   AAPL deserialized
2017-02-26 17:35:00,588 [9] INFO   CallPutORMService - AddMany AAPL
2017-02-26 17:35:00,588 [9] INFO   CallPutORMService - AddMany AAPL
2017-02-26 17:35:00,589 [9] INFO   CallPutORMService - AddMany AAPL
2017-02-26 17:35:00,589 [9] INFO   CallPutORMService - AddMany AAPL
2017-02-26 17:35:00,590 [9] INFO   CallPutORMService - AddMany AAPL
2017-02-26 17:35:00,590 [9] INFO   CallPutORMService - AddMany AAPL
2017-02-26 17:35:00,591 [9] INFO   CallPutORMService - AddMany AAPL
2017-02-26 17:35:00,591 [9] INFO   CallPutORMService - AddMany AAPL
2017-02-26 17:35:00,592 [9] INFO   CallPutORMService - AddMany AAPL
2017-02-26 17:35:00,592 [9] INFO   CallPutORMService - AddMany AAPL
2017-02-26 17:35:00,592 [9] INFO   CallPutORMService - AddMany AAPL
2017-02-26 17:35:00,593 [9] INFO   CallPutORMService - AddMany AAPL
2017-02-26 17:35:00,593 [9] INFO   CallPutORMService - AddMany AAPL
2017-02-26 17:35:00,594 [9] INFO   CallPutORMService - AddMany AAPL
2017-02-26 17:35:00,594 [9] INFO   CallPutORMService - AddMany AAPL
2017-02-26 17:35:00,594 [9] INFO   CallPutORMService - AddMany AAPL
2017-02-26 17:35:00,595 [9] INFO   CallPutORMService - AddMany AAPL
2017-02-26 17:35:00,595 [9] INFO   CallPutORMService - AddMany AAPL
2017-02-26 17:35:00,596 [9] INFO   CallPutORMService - AddMany AAPL
2017-02-26 17:35:00,596 [9] INFO   CallPutORMService - AddMany AAPL
2017-02-26 17:35:00,596 [9] INFO   CallPutORMService - AddMany AAPL
2017-02-26 17:35:00,597 [9] INFO   CallPutORMService - AddMany AAPL
2017-02-26 17:35:00,597 [9] INFO   CallPutORMService - AddMany AAPL
2017-02-26 17:35:00,598 [9] INFO   CallPutORMService - AddMany AAPL
2017-02-26 17:35:00,598 [9] INFO   CallPutORMService - AddMany AAPL
2017-02-26 17:35:00,598 [9] INFO   CallPutORMService - AddMany AAPL
2017-02-26 17:35:00,599 [9] INFO   CallPutORMService - AddMany AAPL
2017-02-26 17:35:00,599 [9] INFO   CallPutORMService - AddMany AAPL
2017-02-26 17:35:00,599 [9] INFO   CallPutORMService - AddMany AAPL
2017-02-26 17:35:00,600 [9] INFO   CallPutORMService - AddMany AAPL
2017-02-26 17:35:00,600 [9] INFO   CallPutORMService - AddMany AAPL
2017-02-26 17:35:00,601 [9] INFO   CallPutORMService - AddMany AAPL
2017-02-26 17:35:00,601 [9] INFO   CallPutORMService - AddMany AAPL
2017-02-26 17:35:00,602 [9] INFO   CallPutORMService - AddMany AAPL
2017-02-26 17:35:00,602 [9] INFO   CallPutORMService - AddMany AAPL
2017-02-26 17:35:00,602 [9] INFO   CallPutORMService - AddMany AAPL
2017-02-26 17:35:00,603 [9] INFO   CallPutORMService - AddMany AAPL
2017-02-26 17:35:00,603 [9] INFO   CallPutORMService - AddMany AAPL
2017-02-26 17:35:00,604 [9] INFO   CallPutORMService - AddMany AAPL
2017-02-26 17:35:00,604 [9] INFO   CallPutORMService - AddMany AAPL
2017-02-26 17:35:00,604 [9] INFO   CallPutORMService - AddMany AAPL
2017-02-26 17:35:00,605 [9] INFO   CallPutORMService - AddMany AAPL
2017-02-26 17:35:00,605 [9] INFO   CallPutORMService - AddMany AAPL
2017-02-26 17:35:00,606 [9] INFO   CallPutORMService - AddMany AAPL
2017-02-26 17:35:00,606 [9] INFO   CallPutORMService - AddMany AAPL
2017-02-26 17:35:00,606 [9] INFO   CallPutORMService - AddMany AAPL
2017-02-26 17:35:00,607 [9] INFO   CallPutORMService - AddMany AAPL
2017-02-26 17:35:00,607 [9] INFO   CallPutORMService - AddMany AAPL
2017-02-26 17:35:00,608 [9] INFO   CallPutORMService - AddMany AAPL
2017-02-26 17:35:00,608 [9] INFO   CallPutORMService - AddMany AAPL
2017-02-26 17:35:00,608 [9] INFO   CallPutORMService - AddMany AAPL
2017-02-26 17:35:00,609 [9] INFO   CallPutORMService - AddMany AAPL
2017-02-26 17:35:00,609 [9] INFO   CallPutORMService - AddMany AAPL
2017-02-26 17:35:00,610 [9] INFO   CallPutORMService - AddMany AAPL
2017-02-26 17:35:00,610 [9] INFO   CallPutORMService - AddMany AAPL
2017-02-26 17:35:00,610 [9] INFO   CallPutORMService - AddMany AAPL
2017-02-26 17:35:00,611 [9] INFO   CallPutORMService - AddMany AAPL
2017-02-26 17:35:00,611 [9] INFO   CallPutORMService - AddMany AAPL
2017-02-26 17:35:00,612 [9] INFO   CallPutORMService - AddMany AAPL
2017-02-26 17:35:00,612 [9] INFO   CallPutORMService - AddMany AAPL
2017-02-26 17:35:00,612 [9] INFO   CallPutORMService - AddMany AAPL
2017-02-26 17:35:00,613 [9] INFO   CallPutORMService - AddMany AAPL
2017-02-26 17:35:00,613 [9] INFO   CallPutORMService - AddMany AAPL
2017-02-26 17:35:00,614 [9] INFO   CallPutORMService - AddMany AAPL
2017-02-26 17:35:00,614 [9] INFO   CallPutORMService - AddMany AAPL
2017-02-26 17:35:00,614 [9] INFO   CallPutORMService - AddMany Saving Changes
2017-02-26 17:35:01,384 [9] INFO   Get AAPL page for expiration date 1490918400
2017-02-26 17:35:01,464 [9] INFO   Page captured
2017-02-26 17:35:01,464 [9] INFO   Deserialize AAPL
2017-02-26 17:35:01,466 [9] INFO   AAPL deserialized
2017-02-26 17:35:01,467 [9] INFO   CallPutORMService - AddMany AAPL
2017-02-26 17:35:01,468 [9] INFO   CallPutORMService - AddMany AAPL
2017-02-26 17:35:01,468 [9] INFO   CallPutORMService - AddMany AAPL
2017-02-26 17:35:01,469 [9] INFO   CallPutORMService - AddMany AAPL
2017-02-26 17:35:01,469 [9] INFO   CallPutORMService - AddMany AAPL
2017-02-26 17:35:01,469 [9] INFO   CallPutORMService - AddMany AAPL
2017-02-26 17:35:01,470 [9] INFO   CallPutORMService - AddMany AAPL
2017-02-26 17:35:01,470 [9] INFO   CallPutORMService - AddMany AAPL
2017-02-26 17:35:01,471 [9] INFO   CallPutORMService - AddMany AAPL
2017-02-26 17:35:01,471 [9] INFO   CallPutORMService - AddMany AAPL
2017-02-26 17:35:01,472 [9] INFO   CallPutORMService - AddMany AAPL
2017-02-26 17:35:01,472 [9] INFO   CallPutORMService - AddMany AAPL
2017-02-26 17:35:01,472 [9] INFO   CallPutORMService - AddMany AAPL
2017-02-26 17:35:01,473 [9] INFO   CallPutORMService - AddMany AAPL
2017-02-26 17:35:01,473 [9] INFO   CallPutORMService - AddMany AAPL
2017-02-26 17:35:01,474 [9] INFO   CallPutORMService - AddMany AAPL
2017-02-26 17:35:01,474 [9] INFO   CallPutORMService - AddMany AAPL
2017-02-26 17:35:01,474 [9] INFO   CallPutORMService - AddMany AAPL
2017-02-26 17:35:01,475 [9] INFO   CallPutORMService - AddMany AAPL
2017-02-26 17:35:01,475 [9] INFO   CallPutORMService - AddMany AAPL
2017-02-26 17:35:01,476 [9] INFO   CallPutORMService - AddMany AAPL
2017-02-26 17:35:01,476 [9] INFO   CallPutORMService - AddMany AAPL
2017-02-26 17:35:01,476 [9] INFO   CallPutORMService - AddMany AAPL
2017-02-26 17:35:01,477 [9] INFO   CallPutORMService - AddMany AAPL
2017-02-26 17:35:01,477 [9] INFO   CallPutORMService - AddMany AAPL
2017-02-26 17:35:01,478 [9] INFO   CallPutORMService - AddMany AAPL
2017-02-26 17:35:01,478 [9] INFO   CallPutORMService - AddMany AAPL
2017-02-26 17:35:01,478 [9] INFO   CallPutORMService - AddMany AAPL
2017-02-26 17:35:01,479 [9] INFO   CallPutORMService - AddMany AAPL
2017-02-26 17:35:01,479 [9] INFO   CallPutORMService - AddMany AAPL
2017-02-26 17:35:01,480 [9] INFO   CallPutORMService - AddMany AAPL
2017-02-26 17:35:01,480 [9] INFO   CallPutORMService - AddMany AAPL
2017-02-26 17:35:01,480 [9] INFO   CallPutORMService - AddMany AAPL
2017-02-26 17:35:01,481 [9] INFO   CallPutORMService - AddMany AAPL
2017-02-26 17:35:01,481 [9] INFO   CallPutORMService - AddMany AAPL
2017-02-26 17:35:01,482 [9] INFO   CallPutORMService - AddMany AAPL
2017-02-26 17:35:01,482 [9] INFO   CallPutORMService - AddMany AAPL
2017-02-26 17:35:01,483 [9] INFO   CallPutORMService - AddMany AAPL
2017-02-26 17:35:01,483 [9] INFO   CallPutORMService - AddMany AAPL
2017-02-26 17:35:01,483 [9] INFO   CallPutORMService - AddMany AAPL
2017-02-26 17:35:01,484 [9] INFO   CallPutORMService - AddMany AAPL
2017-02-26 17:35:01,484 [9] INFO   CallPutORMService - AddMany AAPL
2017-02-26 17:35:01,484 [9] INFO   CallPutORMService - AddMany AAPL
2017-02-26 17:35:01,485 [9] INFO   CallPutORMService - AddMany AAPL
2017-02-26 17:35:01,485 [9] INFO   CallPutORMService - AddMany AAPL
2017-02-26 17:35:01,486 [9] INFO   CallPutORMService - AddMany AAPL
2017-02-26 17:35:01,486 [9] INFO   CallPutORMService - AddMany AAPL
2017-02-26 17:35:01,486 [9] INFO   CallPutORMService - AddMany AAPL
2017-02-26 17:35:01,487 [9] INFO   CallPutORMService - AddMany AAPL
2017-02-26 17:35:01,487 [9] INFO   CallPutORMService - AddMany AAPL
2017-02-26 17:35:01,488 [9] INFO   CallPutORMService - AddMany AAPL
2017-02-26 17:35:01,488 [9] INFO   CallPutORMService - AddMany AAPL
2017-02-26 17:35:01,489 [9] INFO   CallPutORMService - AddMany Saving Changes
2017-02-26 17:35:01,926 [9] INFO   Get AAPL page for expiration date 1491523200
2017-02-26 17:35:02,002 [9] INFO   Page captured
2017-02-26 17:35:02,002 [9] INFO   Deserialize AAPL
2017-02-26 17:35:02,005 [9] INFO   AAPL deserialized
2017-02-26 17:35:02,006 [9] INFO   CallPutORMService - AddMany AAPL
2017-02-26 17:35:02,007 [9] INFO   CallPutORMService - AddMany AAPL
2017-02-26 17:35:02,007 [9] INFO   CallPutORMService - AddMany AAPL
2017-02-26 17:35:02,008 [9] INFO   CallPutORMService - AddMany AAPL
2017-02-26 17:35:02,008 [9] INFO   CallPutORMService - AddMany AAPL
2017-02-26 17:35:02,008 [9] INFO   CallPutORMService - AddMany AAPL
2017-02-26 17:35:02,009 [9] INFO   CallPutORMService - AddMany AAPL
2017-02-26 17:35:02,009 [9] INFO   CallPutORMService - AddMany AAPL
2017-02-26 17:35:02,010 [9] INFO   CallPutORMService - AddMany AAPL
2017-02-26 17:35:02,010 [9] INFO   CallPutORMService - AddMany AAPL
2017-02-26 17:35:02,010 [9] INFO   CallPutORMService - AddMany AAPL
2017-02-26 17:35:02,011 [9] INFO   CallPutORMService - AddMany AAPL
2017-02-26 17:35:02,011 [9] INFO   CallPutORMService - AddMany AAPL
2017-02-26 17:35:02,012 [9] INFO   CallPutORMService - AddMany AAPL
2017-02-26 17:35:02,012 [9] INFO   CallPutORMService - AddMany AAPL
2017-02-26 17:35:02,012 [9] INFO   CallPutORMService - AddMany AAPL
2017-02-26 17:35:02,013 [9] INFO   CallPutORMService - AddMany AAPL
2017-02-26 17:35:02,013 [9] INFO   CallPutORMService - AddMany AAPL
2017-02-26 17:35:02,014 [9] INFO   CallPutORMService - AddMany AAPL
2017-02-26 17:35:02,014 [9] INFO   CallPutORMService - AddMany AAPL
2017-02-26 17:35:02,014 [9] INFO   CallPutORMService - AddMany AAPL
2017-02-26 17:35:02,015 [9] INFO   CallPutORMService - AddMany AAPL
2017-02-26 17:35:02,015 [9] INFO   CallPutORMService - AddMany AAPL
2017-02-26 17:35:02,016 [9] INFO   CallPutORMService - AddMany AAPL
2017-02-26 17:35:02,016 [9] INFO   CallPutORMService - AddMany AAPL
2017-02-26 17:35:02,017 [9] INFO   CallPutORMService - AddMany AAPL
2017-02-26 17:35:02,017 [9] INFO   CallPutORMService - AddMany AAPL
2017-02-26 17:35:02,017 [9] INFO   CallPutORMService - AddMany AAPL
2017-02-26 17:35:02,018 [9] INFO   CallPutORMService - AddMany AAPL
2017-02-26 17:35:02,018 [9] INFO   CallPutORMService - AddMany AAPL
2017-02-26 17:35:02,019 [9] INFO   CallPutORMService - AddMany AAPL
2017-02-26 17:35:02,019 [9] INFO   CallPutORMService - AddMany AAPL
2017-02-26 17:35:02,019 [9] INFO   CallPutORMService - AddMany AAPL
2017-02-26 17:35:02,020 [9] INFO   CallPutORMService - AddMany AAPL
2017-02-26 17:35:02,020 [9] INFO   CallPutORMService - AddMany AAPL
2017-02-26 17:35:02,021 [9] INFO   CallPutORMService - AddMany AAPL
2017-02-26 17:35:02,021 [9] INFO   CallPutORMService - AddMany AAPL
2017-02-26 17:35:02,022 [9] INFO   CallPutORMService - AddMany AAPL
2017-02-26 17:35:02,022 [9] INFO   CallPutORMService - AddMany AAPL
2017-02-26 17:35:02,022 [9] INFO   CallPutORMService - AddMany Saving Changes
2017-02-26 17:35:02,350 [9] INFO   Get AAPL page for expiration date 1492732800
2017-02-26 17:35:02,442 [9] INFO   Page captured
2017-02-26 17:35:02,443 [9] INFO   Deserialize AAPL
2017-02-26 17:35:02,446 [9] INFO   AAPL deserialized
2017-02-26 17:35:02,447 [9] INFO   CallPutORMService - AddMany AAPL
2017-02-26 17:35:02,447 [9] INFO   CallPutORMService - AddMany AAPL
2017-02-26 17:35:02,448 [9] INFO   CallPutORMService - AddMany AAPL
2017-02-26 17:35:02,448 [9] INFO   CallPutORMService - AddMany AAPL
2017-02-26 17:35:02,449 [9] INFO   CallPutORMService - AddMany AAPL
2017-02-26 17:35:02,449 [9] INFO   CallPutORMService - AddMany AAPL
2017-02-26 17:35:02,450 [9] INFO   CallPutORMService - AddMany AAPL
2017-02-26 17:35:02,450 [9] INFO   CallPutORMService - AddMany AAPL
2017-02-26 17:35:02,450 [9] INFO   CallPutORMService - AddMany AAPL
2017-02-26 17:35:02,451 [9] INFO   CallPutORMService - AddMany AAPL
2017-02-26 17:35:02,451 [9] INFO   CallPutORMService - AddMany AAPL
2017-02-26 17:35:02,452 [9] INFO   CallPutORMService - AddMany AAPL
2017-02-26 17:35:02,452 [9] INFO   CallPutORMService - AddMany AAPL
2017-02-26 17:35:02,452 [9] INFO   CallPutORMService - AddMany AAPL
2017-02-26 17:35:02,453 [9] INFO   CallPutORMService - AddMany AAPL
2017-02-26 17:35:02,453 [9] INFO   CallPutORMService - AddMany AAPL
2017-02-26 17:35:02,454 [9] INFO   CallPutORMService - AddMany AAPL
2017-02-26 17:35:02,454 [9] INFO   CallPutORMService - AddMany AAPL
2017-02-26 17:35:02,455 [9] INFO   CallPutORMService - AddMany AAPL
2017-02-26 17:35:02,455 [9] INFO   CallPutORMService - AddMany AAPL
2017-02-26 17:35:02,455 [9] INFO   CallPutORMService - AddMany AAPL
2017-02-26 17:35:02,456 [9] INFO   CallPutORMService - AddMany AAPL
2017-02-26 17:35:02,456 [9] INFO   CallPutORMService - AddMany AAPL
2017-02-26 17:35:02,457 [9] INFO   CallPutORMService - AddMany AAPL
2017-02-26 17:35:02,457 [9] INFO   CallPutORMService - AddMany AAPL
2017-02-26 17:35:02,457 [9] INFO   CallPutORMService - AddMany AAPL
2017-02-26 17:35:02,458 [9] INFO   CallPutORMService - AddMany AAPL
2017-02-26 17:35:02,458 [9] INFO   CallPutORMService - AddMany AAPL
2017-02-26 17:35:02,459 [9] INFO   CallPutORMService - AddMany AAPL
2017-02-26 17:35:02,459 [9] INFO   CallPutORMService - AddMany AAPL
2017-02-26 17:35:02,460 [9] INFO   CallPutORMService - AddMany AAPL
2017-02-26 17:35:02,460 [9] INFO   CallPutORMService - AddMany AAPL
2017-02-26 17:35:02,460 [9] INFO   CallPutORMService - AddMany AAPL
2017-02-26 17:35:02,461 [9] INFO   CallPutORMService - AddMany AAPL
2017-02-26 17:35:02,461 [9] INFO   CallPutORMService - AddMany AAPL
2017-02-26 17:35:02,462 [9] INFO   CallPutORMService - AddMany AAPL
2017-02-26 17:35:02,462 [9] INFO   CallPutORMService - AddMany AAPL
2017-02-26 17:35:02,462 [9] INFO   CallPutORMService - AddMany AAPL
2017-02-26 17:35:02,463 [9] INFO   CallPutORMService - AddMany AAPL
2017-02-26 17:35:02,463 [9] INFO   CallPutORMService - AddMany AAPL
2017-02-26 17:35:02,464 [9] INFO   CallPutORMService - AddMany AAPL
2017-02-26 17:35:02,464 [9] INFO   CallPutORMService - AddMany AAPL
2017-02-26 17:35:02,464 [9] INFO   CallPutORMService - AddMany AAPL
2017-02-26 17:35:02,465 [9] INFO   CallPutORMService - AddMany AAPL
2017-02-26 17:35:02,465 [9] INFO   CallPutORMService - AddMany AAPL
2017-02-26 17:35:02,466 [9] INFO   CallPutORMService - AddMany AAPL
2017-02-26 17:35:02,466 [9] INFO   CallPutORMService - AddMany AAPL
2017-02-26 17:35:02,466 [9] INFO   CallPutORMService - AddMany AAPL
2017-02-26 17:35:02,467 [9] INFO   CallPutORMService - AddMany AAPL
2017-02-26 17:35:02,467 [9] INFO   CallPutORMService - AddMany AAPL
2017-02-26 17:35:02,468 [9] INFO   CallPutORMService - AddMany AAPL
2017-02-26 17:35:02,468 [9] INFO   CallPutORMService - AddMany AAPL
2017-02-26 17:35:02,468 [9] INFO   CallPutORMService - AddMany AAPL
2017-02-26 17:35:02,469 [9] INFO   CallPutORMService - AddMany AAPL
2017-02-26 17:35:02,469 [9] INFO   CallPutORMService - AddMany AAPL
2017-02-26 17:35:02,470 [9] INFO   CallPutORMService - AddMany AAPL
2017-02-26 17:35:02,470 [9] INFO   CallPutORMService - AddMany AAPL
2017-02-26 17:35:02,470 [9] INFO   CallPutORMService - AddMany AAPL
2017-02-26 17:35:02,471 [9] INFO   CallPutORMService - AddMany AAPL
2017-02-26 17:35:02,471 [9] INFO   CallPutORMService - AddMany AAPL
2017-02-26 17:35:02,472 [9] INFO   CallPutORMService - AddMany AAPL
2017-02-26 17:35:02,472 [9] INFO   CallPutORMService - AddMany AAPL
2017-02-26 17:35:02,472 [9] INFO   CallPutORMService - AddMany AAPL
2017-02-26 17:35:02,473 [9] INFO   CallPutORMService - AddMany AAPL
2017-02-26 17:35:02,473 [9] INFO   CallPutORMService - AddMany AAPL
2017-02-26 17:35:02,474 [9] INFO   CallPutORMService - AddMany AAPL
2017-02-26 17:35:02,474 [9] INFO   CallPutORMService - AddMany AAPL
2017-02-26 17:35:02,474 [9] INFO   CallPutORMService - AddMany AAPL
2017-02-26 17:35:02,475 [9] INFO   CallPutORMService - AddMany Saving Changes
