2017-03-09 07:33:01,466 [9] INFO   End - RunOptionsCollection
2017-03-09 07:33:02,550 [9] INFO   
********************************************************************************

2017-03-09 07:33:12,272 [9] INFO   RunHistoryCollection - GetSymbols
2017-03-09 07:33:12,274 [9] INFO   Start - RunHistoryCollection
2017-03-09 07:33:12,275 [9] INFO   Get AAPL history page
2017-03-09 07:33:15,441 [9] INFO   Page captured
2017-03-09 07:33:55,931 [9] INFO   Page captured
2017-03-09 07:35:17,522 [9] INFO   Page captured
2017-03-09 07:42:39,720 [9] INFO   
********************************************************************************
2017-03-09 07:42:42,758 [9] INFO   DIContainer initialized
2017-03-09 07:42:43,522 [9] INFO   RunHistoryCollection - GetSymbols
2017-03-09 07:42:43,538 [9] INFO   Start - RunHistoryCollection
2017-03-09 07:42:43,539 [9] INFO   Get AAPL history page
2017-03-09 07:42:48,284 [9] INFO   Page captured
2017-03-09 07:44:05,018 [8] INFO   
********************************************************************************
2017-03-09 07:44:08,253 [8] INFO   DIContainer initialized
2017-03-09 07:44:08,256 [8] INFO   RunHistoryCollection - GetSymbols
2017-03-09 07:44:08,276 [8] INFO   Start - RunHistoryCollection
2017-03-09 07:44:08,278 [8] INFO   Get AAPL history page
2017-03-09 07:44:11,099 [8] INFO   Page captured
2017-03-09 07:46:42,903 [9] INFO   
********************************************************************************
2017-03-09 07:46:59,684 [9] INFO   DIContainer initialized
2017-03-09 07:46:59,700 [9] INFO   RunHistoryCollection - GetSymbols
2017-03-09 07:46:59,745 [9] INFO   Start - RunHistoryCollection
2017-03-09 07:46:59,746 [9] INFO   Get AAPL history page
2017-03-09 07:47:01,619 [9] INFO   Page captured
2017-03-09 07:52:58,330 [9] INFO   AAPL deserialized
2017-03-09 08:17:35,633 [9] INFO   
********************************************************************************
2017-03-09 08:17:38,572 [9] INFO   DIContainer initialized
2017-03-09 08:17:38,575 [9] INFO   RunHistoryCollection - GetSymbols
2017-03-09 08:17:38,591 [9] INFO   Start - RunHistoryCollection
2017-03-09 08:17:38,593 [9] INFO   Get AAPL history page
2017-03-09 08:17:41,655 [9] INFO   Page captured
2017-03-09 08:17:42,001 [9] INFO   AAPL deserialized
2017-03-09 08:17:42,002 [9] INFO   End - RunOptionsCollection
2017-03-09 08:17:42,003 [9] INFO   
********************************************************************************

2017-03-09 08:18:01,523 [9] INFO   RunHistoryCollection - GetSymbols
2017-03-09 08:18:39,405 [9] INFO   
********************************************************************************
2017-03-09 08:18:44,397 [9] INFO   DIContainer initialized
2017-03-09 08:18:45,238 [9] INFO   RunHistoryCollection - GetSymbols
2017-03-09 08:18:45,430 [9] INFO   Start - RunHistoryCollection
2017-03-09 08:18:45,431 [9] INFO   Get AAPL history page
2017-03-09 08:18:57,606 [9] INFO   Page captured
2017-03-09 08:21:01,868 [9] INFO   
********************************************************************************
2017-03-09 08:21:04,669 [9] INFO   DIContainer initialized
2017-03-09 08:21:05,324 [9] INFO   RunHistoryCollection - GetSymbols
2017-03-09 08:21:05,357 [9] INFO   Start - RunHistoryCollection
2017-03-09 08:21:05,359 [9] INFO   Get AAPL history page
2017-03-09 08:21:06,086 [9] INFO   Page captured
2017-03-09 08:38:27,135 [9] INFO   
********************************************************************************
2017-03-09 08:38:29,812 [9] INFO   DIContainer initialized
2017-03-09 08:38:29,815 [9] INFO   RunHistoryCollection - GetSymbols
2017-03-09 08:38:29,852 [9] INFO   Start - RunHistoryCollection
2017-03-09 08:38:29,854 [9] INFO   Get AAPL history page
2017-03-09 08:38:30,754 [9] INFO   Page captured
2017-03-09 12:04:24,315 [9] INFO   
********************************************************************************
2017-03-09 12:04:26,587 [9] INFO   DIContainer initialized
2017-03-09 12:04:26,590 [9] INFO   RunHistoryCollection - GetSymbols
2017-03-09 12:04:26,679 [9] INFO   Start - RunHistoryCollection
2017-03-09 12:04:26,681 [9] INFO   Get AAPL history page
2017-03-09 12:04:27,406 [9] INFO   Page captured
2017-03-09 12:05:40,452 [6] INFO   
********************************************************************************
2017-03-09 12:06:14,716 [10] INFO   
********************************************************************************
2017-03-09 12:06:21,202 [10] INFO   DIContainer initialized
2017-03-09 12:06:21,205 [10] INFO   RunHistoryCollection - GetSymbols
2017-03-09 12:06:21,241 [10] INFO   Start - RunHistoryCollection
2017-03-09 12:06:21,242 [10] INFO   Get AAPL history page
2017-03-09 12:06:21,940 [10] INFO   Page captured
2017-03-09 12:08:03,062 [10] INFO   
********************************************************************************
