2017-03-14 08:14:19,785 [7] INFO   
********************************************************************************
2017-03-14 08:14:24,416 [7] INFO   DIContainer initialized
2017-03-14 08:19:39,602 [9] INFO   
********************************************************************************
2017-03-14 08:19:45,307 [9] INFO   DIContainer initialized
2017-03-14 08:37:51,444 [9] INFO   RunHistoryCollection - GetSymbols
2017-03-14 08:37:51,536 [9] INFO   Start - RunHistoryCollection
2017-03-14 08:37:51,538 [9] INFO   Get AAPL history page
2017-03-14 08:37:52,250 [9] INFO   Page captured
2017-03-14 08:39:39,587 [8] INFO   
********************************************************************************
2017-03-14 08:39:50,447 [8] INFO   DIContainer initialized
2017-03-14 09:28:31,422 [9] INFO   
********************************************************************************
2017-03-14 09:28:34,253 [9] INFO   DIContainer initialized
2017-03-14 10:02:39,351 [9] INFO   
********************************************************************************
2017-03-14 10:02:43,665 [9] INFO   DIContainer initialized
2017-03-14 10:13:51,652 [9] INFO   
********************************************************************************
2017-03-14 10:13:55,298 [9] INFO   DIContainer initialized
2017-03-14 10:17:14,000 [10] INFO   
********************************************************************************
2017-03-14 10:17:16,468 [10] INFO   DIContainer initialized
2017-03-14 10:24:16,859 [9] INFO   
********************************************************************************
2017-03-14 10:24:18,834 [9] INFO   DIContainer initialized
