2017-03-10 06:28:20,827 [10] INFO   DIContainer initialized
2017-03-10 06:28:20,874 [10] INFO   RunHistoryCollection - GetSymbols
2017-03-10 06:28:23,560 [10] INFO   Start - RunHistoryCollection
2017-03-10 06:28:23,561 [10] INFO   Get AAPL history page
2017-03-10 06:28:24,162 [10] INFO   Page captured
2017-03-10 06:30:08,745 [9] INFO   
********************************************************************************
2017-03-10 06:30:13,004 [9] INFO   DIContainer initialized
2017-03-10 06:30:13,686 [9] INFO   RunHistoryCollection - GetSymbols
2017-03-10 06:30:13,766 [9] INFO   Start - RunHistoryCollection
2017-03-10 06:30:13,768 [9] INFO   Get AAPL history page
2017-03-10 06:30:14,574 [9] INFO   Page captured
2017-03-10 06:47:02,480 [8] INFO   
********************************************************************************
2017-03-10 06:47:12,617 [8] INFO   DIContainer initialized
2017-03-10 06:47:12,619 [8] INFO   RunHistoryCollection - GetSymbols
2017-03-10 06:47:12,643 [8] INFO   Start - RunHistoryCollection
2017-03-10 06:47:12,644 [8] INFO   Get AAPL history page
2017-03-10 06:47:13,440 [8] INFO   Page captured
2017-03-10 06:51:04,620 [9] INFO   
********************************************************************************
2017-03-10 06:51:06,857 [9] INFO   DIContainer initialized
2017-03-10 06:51:06,861 [9] INFO   RunHistoryCollection - GetSymbols
2017-03-10 06:51:06,884 [9] INFO   Start - RunHistoryCollection
2017-03-10 06:51:06,886 [9] INFO   Get AAPL history page
2017-03-10 06:51:07,655 [9] INFO   Page captured
2017-03-10 07:09:05,089 [9] INFO   AAPL deserialized
2017-03-10 07:09:17,089 [9] INFO   Get AMD history page
2017-03-10 07:09:17,445 [9] INFO   Page captured
2017-03-10 07:09:46,015 [9] INFO   AMD deserialized
2017-03-10 07:09:46,698 [9] INFO   Get AMZN history page
2017-03-10 07:09:47,024 [9] INFO   Page captured
2017-03-10 07:09:54,557 [9] INFO   AMZN deserialized
2017-03-10 07:09:55,173 [9] INFO   Get BA history page
2017-03-10 07:09:58,013 [9] INFO   Page captured
2017-03-10 07:10:03,271 [9] INFO   BA deserialized
2017-03-10 07:10:03,901 [9] INFO   Get BABA history page
2017-03-10 07:10:03,991 [9] INFO   Page captured
2017-03-10 07:10:06,293 [9] INFO   BABA deserialized
2017-03-10 07:10:06,879 [9] INFO   Get BAC history page
2017-03-10 07:10:07,094 [9] INFO   Page captured
2017-03-10 07:10:09,602 [9] INFO   BAC deserialized
2017-03-10 07:10:10,215 [9] INFO   Get BMY history page
2017-03-10 07:10:10,571 [9] INFO   Page captured
2017-03-10 07:10:12,759 [9] INFO   BMY deserialized
2017-03-10 07:10:13,405 [9] INFO   Get CAT history page
2017-03-10 07:10:13,762 [9] INFO   Page captured
2017-03-10 07:10:15,715 [9] INFO   CAT deserialized
2017-03-10 07:10:16,303 [9] INFO   Get CRM history page
2017-03-10 07:10:16,449 [9] INFO   Page captured
2017-03-10 07:57:01,314 [9] INFO   
********************************************************************************
2017-03-10 07:57:08,409 [9] INFO   DIContainer initialized
2017-03-10 07:57:08,452 [9] INFO   RunHistoryCollection - GetSymbols
2017-03-10 07:57:08,485 [9] INFO   Start - RunHistoryCollection
2017-03-10 07:57:08,487 [9] INFO   Get AAPL history page
2017-03-10 07:57:09,389 [9] INFO   Page captured
2017-03-10 07:57:10,216 [9] INFO   AAPL deserialized
2017-03-10 07:57:10,223 [9] INFO   End - RunOptionsCollection
2017-03-10 07:57:10,224 [9] INFO   
********************************************************************************

2017-03-10 07:58:04,185 [11] INFO   
********************************************************************************
2017-03-10 08:03:36,594 [11] INFO   DIContainer initialized
2017-03-10 08:03:36,600 [11] INFO   RunHistoryCollection - GetSymbols
2017-03-10 08:03:36,648 [11] INFO   Start - RunHistoryCollection
2017-03-10 08:03:36,650 [11] INFO   Get AAPL history page
2017-03-10 08:03:37,406 [11] INFO   Page captured
2017-03-10 08:06:20,160 [11] INFO   AAPL deserialized
2017-03-10 08:06:24,351 [11] INFO   Get AMD history page
2017-03-10 08:06:24,949 [11] INFO   Page captured
2017-03-10 18:27:37,658 [10] INFO   
********************************************************************************
2017-03-10 18:27:40,280 [10] INFO   DIContainer initialized
2017-03-10 18:27:40,283 [10] INFO   RunHistoryCollection - GetSymbols
2017-03-10 18:27:40,363 [10] INFO   Start - RunHistoryCollection
2017-03-10 18:27:40,365 [10] INFO   Get AAPL history page
2017-03-10 18:27:40,970 [10] INFO   Page captured
2017-03-10 22:53:46,884 [9] INFO   
********************************************************************************
2017-03-10 22:53:56,372 [9] INFO   DIContainer initialized
2017-03-10 22:53:57,320 [9] INFO   RunHistoryCollection - GetSymbols
2017-03-10 22:53:57,391 [9] INFO   Start - RunHistoryCollection
2017-03-10 22:53:57,392 [9] INFO   Get AAPL history page
2017-03-10 22:54:00,879 [9] INFO   Page captured
2017-03-10 22:58:59,436 [10] INFO   
********************************************************************************
2017-03-10 22:59:03,923 [10] INFO   DIContainer initialized
2017-03-10 22:59:03,925 [10] INFO   RunHistoryCollection - GetSymbols
2017-03-10 22:59:03,946 [10] INFO   Start - RunHistoryCollection
2017-03-10 22:59:03,947 [10] INFO   Get AAPL history page
2017-03-10 22:59:04,720 [10] INFO   Page captured
2017-03-10 22:59:18,361 [10] FATAL  Sucker blew up: System.InvalidCastException: Specified cast is not valid.
   at SymbolHistoryService.HistoryService.RunHistoryCollection(List`1 symbols) in C:\Users\Jim\Documents\Visual Studio 2015\Projects\ScanOpts\HistoryService\HistoryService.cs:line 50
2017-03-10 23:14:56,438 [8] INFO   
********************************************************************************
2017-03-10 23:15:00,621 [8] INFO   DIContainer initialized
2017-03-10 23:15:00,623 [8] INFO   RunHistoryCollection - GetSymbols
2017-03-10 23:15:00,714 [8] INFO   Start - RunHistoryCollection
2017-03-10 23:15:00,715 [8] INFO   Get AAPL history page
2017-03-10 23:15:01,403 [8] INFO   Page captured
